2025-03-24 18:59:32.411 [background-preinit] INFO  o.h.validator.internal.util.Version - HV000001: Hibernate Validator 8.0.2.Final
2025-03-24 18:59:32.500 [main] INFO  lk.ijse.backend.BackEndApplication - Starting BackEndApplication using Java 21.0.1 with PID 11812 (C:\Users\TRON\Documents\IdeaProjects\AAD\Spring\Luma-Social-Media-Platform\Back-end\target\classes started by TRON in C:\Users\TRON\Documents\IdeaProjects\AAD\Spring\Luma-Social-Media-Platform)
2025-03-24 18:59:32.502 [main] INFO  lk.ijse.backend.BackEndApplication - No active profile set, falling back to 1 default profile: "default"
2025-03-24 18:59:33.019 [main] INFO  o.s.c.i.s.PropertySourceProcessor - Properties location [classpath:otherprops.properties] not resolvable: class path resource [otherprops.properties] cannot be opened because it does not exist
2025-03-24 18:59:33.797 [main] INFO  o.s.d.r.c.RepositoryConfigurationDelegate - Bootstrapping Spring Data JPA repositories in DEFAULT mode.
2025-03-24 18:59:33.881 [main] INFO  o.s.d.r.c.RepositoryConfigurationDelegate - Finished Spring Data repository scanning in 75 ms. Found 9 JPA repository interfaces.
2025-03-24 18:59:34.472 [main] INFO  o.s.b.w.e.tomcat.TomcatWebServer - Tomcat initialized with port 8080 (http)
2025-03-24 18:59:34.483 [main] INFO  o.a.coyote.http11.Http11NioProtocol - Initializing ProtocolHandler ["http-nio-8080"]
2025-03-24 18:59:34.485 [main] INFO  o.a.catalina.core.StandardService - Starting service [Tomcat]
2025-03-24 18:59:34.485 [main] INFO  o.a.catalina.core.StandardEngine - Starting Servlet engine: [Apache Tomcat/10.1.36]
2025-03-24 18:59:34.553 [main] INFO  o.a.c.c.C.[Tomcat].[localhost].[/] - Initializing Spring embedded WebApplicationContext
2025-03-24 18:59:34.553 [main] INFO  o.s.b.w.s.c.ServletWebServerApplicationContext - Root WebApplicationContext: initialization completed in 1979 ms
2025-03-24 18:59:34.723 [main] INFO  o.h.jpa.internal.util.LogHelper - HHH000204: Processing PersistenceUnitInfo [name: default]
2025-03-24 18:59:34.804 [main] INFO  org.hibernate.Version - HHH000412: Hibernate ORM core version 6.6.8.Final
2025-03-24 18:59:34.841 [main] INFO  o.h.c.i.RegionFactoryInitiator - HHH000026: Second-level cache disabled
2025-03-24 18:59:35.136 [main] INFO  o.s.o.j.p.SpringPersistenceUnitInfo - No LoadTimeWeaver setup: ignoring JPA class transformer
2025-03-24 18:59:35.168 [main] INFO  com.zaxxer.hikari.HikariDataSource - HikariPool-1 - Starting...
2025-03-24 18:59:35.616 [main] INFO  com.zaxxer.hikari.pool.HikariPool - HikariPool-1 - Added connection com.mysql.cj.jdbc.ConnectionImpl@2382b2f
2025-03-24 18:59:35.618 [main] INFO  com.zaxxer.hikari.HikariDataSource - HikariPool-1 - Start completed.
2025-03-24 18:59:35.707 [main] WARN  org.hibernate.orm.deprecation - HHH90000025: MySQL8Dialect does not need to be specified explicitly using 'hibernate.dialect' (remove the property setting and it will be selected by default)
2025-03-24 18:59:35.709 [main] WARN  org.hibernate.orm.deprecation - HHH90000026: MySQL8Dialect has been deprecated; use org.hibernate.dialect.MySQLDialect instead
2025-03-24 18:59:35.733 [main] INFO  o.hibernate.orm.connections.pooling - HHH10001005: Database info:
	Database JDBC URL [Connecting through datasource 'HikariDataSource (HikariPool-1)']
	Database driver: undefined/unknown
	Database version: 8.0
	Autocommit mode: undefined/unknown
	Isolation level: undefined/unknown
	Minimum pool size: undefined/unknown
	Maximum pool size: undefined/unknown
2025-03-24 18:59:37.255 [main] INFO  o.h.e.t.j.p.i.JtaPlatformInitiator - HHH000489: No JTA platform available (set 'hibernate.transaction.jta.platform' to enable JTA platform integration)
2025-03-24 18:59:37.674 [main] INFO  o.s.o.j.LocalContainerEntityManagerFactoryBean - Initialized JPA EntityManagerFactory for persistence unit 'default'
2025-03-24 18:59:38.207 [main] INFO  o.s.s.c.a.a.c.InitializeUserDetailsBeanManagerConfigurer$InitializeUserDetailsManagerConfigurer - Global AuthenticationManager configured with UserDetailsService bean with name userServiceImpl
2025-03-24 18:59:38.254 [main] INFO  o.s.d.j.r.query.QueryEnhancerFactory - Hibernate is in classpath; If applicable, HQL parser will be used.
2025-03-24 18:59:40.344 [main] INFO  o.a.coyote.http11.Http11NioProtocol - Starting ProtocolHandler ["http-nio-8080"]
2025-03-24 18:59:40.363 [main] INFO  o.s.b.w.e.tomcat.TomcatWebServer - Tomcat started on port 8080 (http) with context path '/'
2025-03-24 18:59:40.376 [main] INFO  lk.ijse.backend.BackEndApplication - Started BackEndApplication in 8.782 seconds (process running for 10.383)
2025-03-24 19:01:07.281 [http-nio-8080-exec-1] INFO  o.a.c.c.C.[Tomcat].[localhost].[/] - Initializing Spring DispatcherServlet 'dispatcherServlet'
2025-03-24 19:01:07.281 [http-nio-8080-exec-1] INFO  o.s.web.servlet.DispatcherServlet - Initializing Servlet 'dispatcherServlet'
2025-03-24 19:01:07.283 [http-nio-8080-exec-1] INFO  o.s.web.servlet.DispatcherServlet - Completed initialization in 2 ms
2025-03-24 19:01:07.536 [http-nio-8080-exec-2] INFO  l.i.b.controller.AuthController - Received sign-in request for email: dilsarathiranjaya3@gmail.com
2025-03-24 19:01:08.375 [http-nio-8080-exec-2] INFO  l.i.b.controller.AuthController - User successfully signed in with email: dilsarathiranjaya3@gmail.com
2025-03-24 19:01:10.117 [http-nio-8080-exec-4] INFO  l.i.b.controller.AuthController - Received token refresh request
2025-03-24 19:01:10.219 [http-nio-8080-exec-4] INFO  l.i.b.controller.AuthController - New access token generated for email: dilsarathiranjaya3@gmail.com
2025-03-24 19:01:10.273 [http-nio-8080-exec-6] ERROR l.i.b.a.AppWiseExceptionHandler - Error: No static resource api/v1/timeline/getPost.
2025-03-24 19:01:16.175 [http-nio-8080-exec-8] INFO  l.i.b.controller.AuthController - Received token refresh request
2025-03-24 19:01:16.217 [http-nio-8080-exec-8] INFO  l.i.b.controller.AuthController - New access token generated for email: dilsarathiranjaya3@gmail.com
2025-03-24 20:30:50.863 [SpringApplicationShutdownHook] INFO  o.s.b.w.e.tomcat.GracefulShutdown - Commencing graceful shutdown. Waiting for active requests to complete
2025-03-24 20:30:50.875 [tomcat-shutdown] INFO  o.s.b.w.e.tomcat.GracefulShutdown - Graceful shutdown complete
2025-03-24 20:30:50.883 [SpringApplicationShutdownHook] INFO  o.s.o.j.LocalContainerEntityManagerFactoryBean - Closing JPA EntityManagerFactory for persistence unit 'default'
2025-03-24 20:30:50.887 [SpringApplicationShutdownHook] INFO  com.zaxxer.hikari.HikariDataSource - HikariPool-1 - Shutdown initiated...
2025-03-24 20:30:50.893 [SpringApplicationShutdownHook] INFO  com.zaxxer.hikari.HikariDataSource - HikariPool-1 - Shutdown completed.
