2025-03-21 09:00:46.405 [background-preinit] INFO  o.h.validator.internal.util.Version - HV000001: Hibernate Validator 8.0.2.Final
2025-03-21 09:00:46.493 [main] INFO  lk.ijse.backend.BackEndApplication - Starting BackEndApplication using Java 21.0.1 with PID 3328 (C:\Users\TRON\Documents\IdeaProjects\AAD\Spring\Luma-Social-Media-Platform\Back-end\target\classes started by TRON in C:\Users\TRON\Documents\IdeaProjects\AAD\Spring\Luma-Social-Media-Platform)
2025-03-21 09:00:46.494 [main] INFO  lk.ijse.backend.BackEndApplication - No active profile set, falling back to 1 default profile: "default"
2025-03-21 09:00:46.923 [main] INFO  o.s.c.i.s.PropertySourceProcessor - Properties location [classpath:otherprops.properties] not resolvable: class path resource [otherprops.properties] cannot be opened because it does not exist
2025-03-21 09:00:47.722 [main] INFO  o.s.d.r.c.RepositoryConfigurationDelegate - Bootstrapping Spring Data JPA repositories in DEFAULT mode.
2025-03-21 09:00:47.784 [main] INFO  o.s.d.r.c.RepositoryConfigurationDelegate - Finished Spring Data repository scanning in 53 ms. Found 1 JPA repository interface.
2025-03-21 09:00:48.397 [main] INFO  o.s.b.w.e.tomcat.TomcatWebServer - Tomcat initialized with port 8080 (http)
2025-03-21 09:00:48.407 [main] INFO  o.a.coyote.http11.Http11NioProtocol - Initializing ProtocolHandler ["http-nio-8080"]
2025-03-21 09:00:48.409 [main] INFO  o.a.catalina.core.StandardService - Starting service [Tomcat]
2025-03-21 09:00:48.409 [main] INFO  o.a.catalina.core.StandardEngine - Starting Servlet engine: [Apache Tomcat/10.1.36]
2025-03-21 09:00:48.467 [main] INFO  o.a.c.c.C.[Tomcat].[localhost].[/] - Initializing Spring embedded WebApplicationContext
2025-03-21 09:00:48.467 [main] INFO  o.s.b.w.s.c.ServletWebServerApplicationContext - Root WebApplicationContext: initialization completed in 1922 ms
2025-03-21 09:00:48.656 [main] INFO  o.h.jpa.internal.util.LogHelper - HHH000204: Processing PersistenceUnitInfo [name: default]
2025-03-21 09:00:48.739 [main] INFO  org.hibernate.Version - HHH000412: Hibernate ORM core version 6.6.8.Final
2025-03-21 09:00:48.776 [main] INFO  o.h.c.i.RegionFactoryInitiator - HHH000026: Second-level cache disabled
2025-03-21 09:00:49.132 [main] INFO  o.s.o.j.p.SpringPersistenceUnitInfo - No LoadTimeWeaver setup: ignoring JPA class transformer
2025-03-21 09:00:49.190 [main] INFO  com.zaxxer.hikari.HikariDataSource - HikariPool-1 - Starting...
2025-03-21 09:00:49.615 [main] INFO  com.zaxxer.hikari.pool.HikariPool - HikariPool-1 - Added connection com.mysql.cj.jdbc.ConnectionImpl@5bbf744b
2025-03-21 09:00:49.617 [main] INFO  com.zaxxer.hikari.HikariDataSource - HikariPool-1 - Start completed.
2025-03-21 09:00:49.674 [main] WARN  org.hibernate.orm.deprecation - HHH90000025: MySQL8Dialect does not need to be specified explicitly using 'hibernate.dialect' (remove the property setting and it will be selected by default)
2025-03-21 09:00:49.675 [main] WARN  org.hibernate.orm.deprecation - HHH90000026: MySQL8Dialect has been deprecated; use org.hibernate.dialect.MySQLDialect instead
2025-03-21 09:00:49.692 [main] INFO  o.hibernate.orm.connections.pooling - HHH10001005: Database info:
	Database JDBC URL [Connecting through datasource 'HikariDataSource (HikariPool-1)']
	Database driver: undefined/unknown
	Database version: 8.0
	Autocommit mode: undefined/unknown
	Isolation level: undefined/unknown
	Minimum pool size: undefined/unknown
	Maximum pool size: undefined/unknown
2025-03-21 09:00:51.577 [main] INFO  o.h.e.t.j.p.i.JtaPlatformInitiator - HHH000489: No JTA platform available (set 'hibernate.transaction.jta.platform' to enable JTA platform integration)
2025-03-21 09:00:51.900 [main] INFO  o.s.o.j.LocalContainerEntityManagerFactoryBean - Initialized JPA EntityManagerFactory for persistence unit 'default'
2025-03-21 09:00:52.477 [main] INFO  o.s.s.c.a.a.c.InitializeUserDetailsBeanManagerConfigurer$InitializeUserDetailsManagerConfigurer - Global AuthenticationManager configured with UserDetailsService bean with name userServiceImpl
2025-03-21 09:00:53.702 [main] INFO  o.a.coyote.http11.Http11NioProtocol - Starting ProtocolHandler ["http-nio-8080"]
2025-03-21 09:00:53.734 [main] INFO  o.s.b.w.e.tomcat.TomcatWebServer - Tomcat started on port 8080 (http) with context path '/'
2025-03-21 09:00:53.758 [main] INFO  lk.ijse.backend.BackEndApplication - Started BackEndApplication in 8.035 seconds (process running for 9.274)
2025-03-21 09:01:17.255 [http-nio-8080-exec-1] INFO  o.a.c.c.C.[Tomcat].[localhost].[/] - Initializing Spring DispatcherServlet 'dispatcherServlet'
2025-03-21 09:01:17.255 [http-nio-8080-exec-1] INFO  o.s.web.servlet.DispatcherServlet - Initializing Servlet 'dispatcherServlet'
2025-03-21 09:01:17.255 [http-nio-8080-exec-1] INFO  o.s.web.servlet.DispatcherServlet - Completed initialization in 0 ms
2025-03-21 09:01:17.388 [http-nio-8080-exec-2] INFO  l.i.b.controller.AuthController - Received senOtpCode request
2025-03-21 09:01:17.602 [http-nio-8080-exec-2] INFO  lk.ijse.backend.util.EmailSender - Sending email to: dilsarathiranjaya3@gmail.com
2025-03-21 09:01:21.639 [http-nio-8080-exec-2] INFO  l.i.b.controller.AuthController - Email sent successfully
2025-03-21 09:07:17.333 [http-nio-8080-exec-4] INFO  l.i.b.controller.AuthController - Received sign-in request for email: dilsarathiranjaya3@gmail.com
2025-03-21 09:07:17.681 [http-nio-8080-exec-4] INFO  l.i.b.controller.AuthController - User successfully signed in with email: dilsarathiranjaya3@gmail.com
2025-03-21 09:07:19.643 [http-nio-8080-exec-7] INFO  l.i.b.controller.AuthController - Received token refresh request
2025-03-21 09:07:19.698 [http-nio-8080-exec-7] INFO  l.i.b.controller.AuthController - New access token generated for email: dilsarathiranjaya3@gmail.com
2025-03-21 09:07:53.348 [http-nio-8080-exec-8] INFO  l.i.b.controller.AuthController - Received token refresh request
2025-03-21 09:07:53.372 [http-nio-8080-exec-8] INFO  l.i.b.controller.AuthController - New access token generated for email: dilsarathiranjaya3@gmail.com
2025-03-21 09:22:31.926 [http-nio-8080-exec-1] INFO  l.i.b.controller.AuthController - Received sign-in request for email: dilsarathiranjaya3@gmail.com
2025-03-21 09:22:32.076 [http-nio-8080-exec-1] INFO  l.i.b.controller.AuthController - User successfully signed in with email: dilsarathiranjaya3@gmail.com
2025-03-21 09:22:34.034 [http-nio-8080-exec-3] INFO  l.i.b.controller.AuthController - Received token refresh request
2025-03-21 09:22:34.057 [http-nio-8080-exec-3] INFO  l.i.b.controller.AuthController - New access token generated for email: dilsarathiranjaya3@gmail.com
2025-03-21 09:26:39.594 [http-nio-8080-exec-4] INFO  l.i.b.controller.AuthController - Received sign-in request for email: dilsarathiranjaya3@gmail.com
2025-03-21 09:26:39.735 [http-nio-8080-exec-4] INFO  l.i.b.controller.AuthController - User successfully signed in with email: dilsarathiranjaya3@gmail.com
2025-03-21 09:26:41.372 [http-nio-8080-exec-6] INFO  l.i.b.controller.AuthController - Received token refresh request
2025-03-21 09:26:41.386 [http-nio-8080-exec-6] INFO  l.i.b.controller.AuthController - New access token generated for email: dilsarathiranjaya3@gmail.com
2025-03-21 09:30:44.313 [http-nio-8080-exec-9] INFO  l.i.b.controller.AuthController - Received token refresh request
2025-03-21 09:30:44.332 [http-nio-8080-exec-9] INFO  l.i.b.controller.AuthController - New access token generated for email: dilsarathiranjaya3@gmail.com
2025-03-21 09:33:48.725 [SpringApplicationShutdownHook] INFO  o.s.b.w.e.tomcat.GracefulShutdown - Commencing graceful shutdown. Waiting for active requests to complete
2025-03-21 09:33:48.736 [tomcat-shutdown] INFO  o.s.b.w.e.tomcat.GracefulShutdown - Graceful shutdown complete
2025-03-21 09:33:48.740 [SpringApplicationShutdownHook] INFO  o.s.o.j.LocalContainerEntityManagerFactoryBean - Closing JPA EntityManagerFactory for persistence unit 'default'
2025-03-21 09:33:48.743 [SpringApplicationShutdownHook] INFO  com.zaxxer.hikari.HikariDataSource - HikariPool-1 - Shutdown initiated...
2025-03-21 09:33:48.747 [SpringApplicationShutdownHook] INFO  com.zaxxer.hikari.HikariDataSource - HikariPool-1 - Shutdown completed.
2025-03-21 09:39:27.406 [background-preinit] INFO  o.h.validator.internal.util.Version - HV000001: Hibernate Validator 8.0.2.Final
2025-03-21 09:39:27.474 [main] INFO  lk.ijse.backend.BackEndApplication - Starting BackEndApplication using Java 21.0.1 with PID 5988 (C:\Users\TRON\Documents\IdeaProjects\AAD\Spring\Luma-Social-Media-Platform\Back-end\target\classes started by TRON in C:\Users\TRON\Documents\IdeaProjects\AAD\Spring\Luma-Social-Media-Platform)
2025-03-21 09:39:27.475 [main] INFO  lk.ijse.backend.BackEndApplication - No active profile set, falling back to 1 default profile: "default"
2025-03-21 09:39:27.809 [main] INFO  o.s.c.i.s.PropertySourceProcessor - Properties location [classpath:otherprops.properties] not resolvable: class path resource [otherprops.properties] cannot be opened because it does not exist
2025-03-21 09:39:28.470 [main] INFO  o.s.d.r.c.RepositoryConfigurationDelegate - Bootstrapping Spring Data JPA repositories in DEFAULT mode.
2025-03-21 09:39:28.524 [main] INFO  o.s.d.r.c.RepositoryConfigurationDelegate - Finished Spring Data repository scanning in 47 ms. Found 1 JPA repository interface.
2025-03-21 09:39:29.025 [main] INFO  o.s.b.w.e.tomcat.TomcatWebServer - Tomcat initialized with port 8080 (http)
2025-03-21 09:39:29.035 [main] INFO  o.a.coyote.http11.Http11NioProtocol - Initializing ProtocolHandler ["http-nio-8080"]
2025-03-21 09:39:29.037 [main] INFO  o.a.catalina.core.StandardService - Starting service [Tomcat]
2025-03-21 09:39:29.037 [main] INFO  o.a.catalina.core.StandardEngine - Starting Servlet engine: [Apache Tomcat/10.1.36]
2025-03-21 09:39:29.090 [main] INFO  o.a.c.c.C.[Tomcat].[localhost].[/] - Initializing Spring embedded WebApplicationContext
2025-03-21 09:39:29.091 [main] INFO  o.s.b.w.s.c.ServletWebServerApplicationContext - Root WebApplicationContext: initialization completed in 1568 ms
2025-03-21 09:39:29.236 [main] INFO  o.h.jpa.internal.util.LogHelper - HHH000204: Processing PersistenceUnitInfo [name: default]
2025-03-21 09:39:29.300 [main] INFO  org.hibernate.Version - HHH000412: Hibernate ORM core version 6.6.8.Final
2025-03-21 09:39:29.332 [main] INFO  o.h.c.i.RegionFactoryInitiator - HHH000026: Second-level cache disabled
2025-03-21 09:39:29.593 [main] INFO  o.s.o.j.p.SpringPersistenceUnitInfo - No LoadTimeWeaver setup: ignoring JPA class transformer
2025-03-21 09:39:29.621 [main] INFO  com.zaxxer.hikari.HikariDataSource - HikariPool-1 - Starting...
2025-03-21 09:39:29.923 [main] INFO  com.zaxxer.hikari.pool.HikariPool - HikariPool-1 - Added connection com.mysql.cj.jdbc.ConnectionImpl@478089b6
2025-03-21 09:39:29.925 [main] INFO  com.zaxxer.hikari.HikariDataSource - HikariPool-1 - Start completed.
2025-03-21 09:39:29.961 [main] WARN  org.hibernate.orm.deprecation - HHH90000025: MySQL8Dialect does not need to be specified explicitly using 'hibernate.dialect' (remove the property setting and it will be selected by default)
2025-03-21 09:39:29.963 [main] WARN  org.hibernate.orm.deprecation - HHH90000026: MySQL8Dialect has been deprecated; use org.hibernate.dialect.MySQLDialect instead
2025-03-21 09:39:29.978 [main] INFO  o.hibernate.orm.connections.pooling - HHH10001005: Database info:
	Database JDBC URL [Connecting through datasource 'HikariDataSource (HikariPool-1)']
	Database driver: undefined/unknown
	Database version: 8.0
	Autocommit mode: undefined/unknown
	Isolation level: undefined/unknown
	Minimum pool size: undefined/unknown
	Maximum pool size: undefined/unknown
2025-03-21 09:39:31.377 [main] INFO  o.h.e.t.j.p.i.JtaPlatformInitiator - HHH000489: No JTA platform available (set 'hibernate.transaction.jta.platform' to enable JTA platform integration)
2025-03-21 09:39:31.624 [main] INFO  o.s.o.j.LocalContainerEntityManagerFactoryBean - Initialized JPA EntityManagerFactory for persistence unit 'default'
2025-03-21 09:39:32.069 [main] INFO  o.s.s.c.a.a.c.InitializeUserDetailsBeanManagerConfigurer$InitializeUserDetailsManagerConfigurer - Global AuthenticationManager configured with UserDetailsService bean with name userServiceImpl
2025-03-21 09:39:32.827 [main] INFO  o.a.coyote.http11.Http11NioProtocol - Starting ProtocolHandler ["http-nio-8080"]
2025-03-21 09:39:32.842 [main] INFO  o.s.b.w.e.tomcat.TomcatWebServer - Tomcat started on port 8080 (http) with context path '/'
2025-03-21 09:39:32.850 [main] INFO  lk.ijse.backend.BackEndApplication - Started BackEndApplication in 6.092 seconds (process running for 7.175)
2025-03-21 09:39:43.907 [http-nio-8080-exec-1] INFO  o.a.c.c.C.[Tomcat].[localhost].[/] - Initializing Spring DispatcherServlet 'dispatcherServlet'
2025-03-21 09:39:43.908 [http-nio-8080-exec-1] INFO  o.s.web.servlet.DispatcherServlet - Initializing Servlet 'dispatcherServlet'
2025-03-21 09:39:43.910 [http-nio-8080-exec-1] INFO  o.s.web.servlet.DispatcherServlet - Completed initialization in 2 ms
2025-03-21 09:39:44.139 [http-nio-8080-exec-1] INFO  l.i.b.controller.AuthController - Received sign-in request for email: dilsarathiranjaya3@gmail.com
2025-03-21 09:39:44.650 [http-nio-8080-exec-1] INFO  l.i.b.controller.AuthController - User successfully signed in with email: dilsarathiranjaya3@gmail.com
2025-03-21 09:39:46.618 [http-nio-8080-exec-2] INFO  l.i.b.controller.AuthController - Received token refresh request
2025-03-21 09:39:46.672 [http-nio-8080-exec-2] INFO  l.i.b.controller.AuthController - New access token generated for email: dilsarathiranjaya3@gmail.com
2025-03-21 09:40:12.895 [http-nio-8080-exec-3] INFO  l.i.b.controller.AuthController - Received sign-in request for email: dilsarathiranjaya3@gmail.com
2025-03-21 09:40:12.996 [http-nio-8080-exec-3] INFO  l.i.b.controller.AuthController - User successfully signed in with email: dilsarathiranjaya3@gmail.com
2025-03-21 09:40:14.594 [http-nio-8080-exec-4] INFO  l.i.b.controller.AuthController - Received token refresh request
2025-03-21 09:40:14.612 [http-nio-8080-exec-4] INFO  l.i.b.controller.AuthController - New access token generated for email: dilsarathiranjaya3@gmail.com
2025-03-21 09:45:27.613 [http-nio-8080-exec-6] INFO  l.i.b.controller.AuthController - Received token refresh request
2025-03-21 09:45:27.653 [http-nio-8080-exec-6] INFO  l.i.b.controller.AuthController - New access token generated for email: dilsarathiranjaya3@gmail.com
2025-03-21 09:45:53.333 [http-nio-8080-exec-7] INFO  l.i.b.controller.AuthController - Received token refresh request
2025-03-21 09:45:53.353 [http-nio-8080-exec-7] INFO  l.i.b.controller.AuthController - New access token generated for email: dilsarathiranjaya3@gmail.com
2025-03-21 09:46:37.716 [SpringApplicationShutdownHook] INFO  o.s.b.w.e.tomcat.GracefulShutdown - Commencing graceful shutdown. Waiting for active requests to complete
2025-03-21 09:46:37.726 [tomcat-shutdown] INFO  o.s.b.w.e.tomcat.GracefulShutdown - Graceful shutdown complete
2025-03-21 09:46:37.730 [SpringApplicationShutdownHook] INFO  o.s.o.j.LocalContainerEntityManagerFactoryBean - Closing JPA EntityManagerFactory for persistence unit 'default'
2025-03-21 09:46:37.732 [SpringApplicationShutdownHook] INFO  com.zaxxer.hikari.HikariDataSource - HikariPool-1 - Shutdown initiated...
2025-03-21 09:46:37.738 [SpringApplicationShutdownHook] INFO  com.zaxxer.hikari.HikariDataSource - HikariPool-1 - Shutdown completed.
2025-03-21 09:55:58.735 [background-preinit] INFO  o.h.validator.internal.util.Version - HV000001: Hibernate Validator 8.0.2.Final
2025-03-21 09:55:58.816 [main] INFO  lk.ijse.backend.BackEndApplication - Starting BackEndApplication using Java 21.0.1 with PID 3732 (C:\Users\TRON\Documents\IdeaProjects\AAD\Spring\Luma-Social-Media-Platform\Back-end\target\classes started by TRON in C:\Users\TRON\Documents\IdeaProjects\AAD\Spring\Luma-Social-Media-Platform)
2025-03-21 09:55:58.817 [main] INFO  lk.ijse.backend.BackEndApplication - No active profile set, falling back to 1 default profile: "default"
2025-03-21 09:55:59.170 [main] INFO  o.s.c.i.s.PropertySourceProcessor - Properties location [classpath:otherprops.properties] not resolvable: class path resource [otherprops.properties] cannot be opened because it does not exist
2025-03-21 09:55:59.955 [main] INFO  o.s.d.r.c.RepositoryConfigurationDelegate - Bootstrapping Spring Data JPA repositories in DEFAULT mode.
2025-03-21 09:56:00.033 [main] INFO  o.s.d.r.c.RepositoryConfigurationDelegate - Finished Spring Data repository scanning in 67 ms. Found 1 JPA repository interface.
2025-03-21 09:56:00.765 [main] INFO  o.s.b.w.e.tomcat.TomcatWebServer - Tomcat initialized with port 8080 (http)
2025-03-21 09:56:00.784 [main] INFO  o.a.coyote.http11.Http11NioProtocol - Initializing ProtocolHandler ["http-nio-8080"]
2025-03-21 09:56:00.787 [main] INFO  o.a.catalina.core.StandardService - Starting service [Tomcat]
2025-03-21 09:56:00.787 [main] INFO  o.a.catalina.core.StandardEngine - Starting Servlet engine: [Apache Tomcat/10.1.36]
2025-03-21 09:56:00.865 [main] INFO  o.a.c.c.C.[Tomcat].[localhost].[/] - Initializing Spring embedded WebApplicationContext
2025-03-21 09:56:00.866 [main] INFO  o.s.b.w.s.c.ServletWebServerApplicationContext - Root WebApplicationContext: initialization completed in 1977 ms
2025-03-21 09:56:01.032 [main] INFO  o.h.jpa.internal.util.LogHelper - HHH000204: Processing PersistenceUnitInfo [name: default]
2025-03-21 09:56:01.081 [main] INFO  org.hibernate.Version - HHH000412: Hibernate ORM core version 6.6.8.Final
2025-03-21 09:56:01.113 [main] INFO  o.h.c.i.RegionFactoryInitiator - HHH000026: Second-level cache disabled
2025-03-21 09:56:01.369 [main] INFO  o.s.o.j.p.SpringPersistenceUnitInfo - No LoadTimeWeaver setup: ignoring JPA class transformer
2025-03-21 09:56:01.402 [main] INFO  com.zaxxer.hikari.HikariDataSource - HikariPool-1 - Starting...
2025-03-21 09:56:01.734 [main] INFO  com.zaxxer.hikari.pool.HikariPool - HikariPool-1 - Added connection com.mysql.cj.jdbc.ConnectionImpl@2430cf17
2025-03-21 09:56:01.736 [main] INFO  com.zaxxer.hikari.HikariDataSource - HikariPool-1 - Start completed.
2025-03-21 09:56:01.780 [main] WARN  org.hibernate.orm.deprecation - HHH90000025: MySQL8Dialect does not need to be specified explicitly using 'hibernate.dialect' (remove the property setting and it will be selected by default)
2025-03-21 09:56:01.782 [main] WARN  org.hibernate.orm.deprecation - HHH90000026: MySQL8Dialect has been deprecated; use org.hibernate.dialect.MySQLDialect instead
2025-03-21 09:56:01.798 [main] INFO  o.hibernate.orm.connections.pooling - HHH10001005: Database info:
	Database JDBC URL [Connecting through datasource 'HikariDataSource (HikariPool-1)']
	Database driver: undefined/unknown
	Database version: 8.0
	Autocommit mode: undefined/unknown
	Isolation level: undefined/unknown
	Minimum pool size: undefined/unknown
	Maximum pool size: undefined/unknown
2025-03-21 09:56:03.293 [main] INFO  o.h.e.t.j.p.i.JtaPlatformInitiator - HHH000489: No JTA platform available (set 'hibernate.transaction.jta.platform' to enable JTA platform integration)
2025-03-21 09:56:03.558 [main] INFO  o.s.o.j.LocalContainerEntityManagerFactoryBean - Initialized JPA EntityManagerFactory for persistence unit 'default'
2025-03-21 09:56:04.008 [main] INFO  o.s.s.c.a.a.c.InitializeUserDetailsBeanManagerConfigurer$InitializeUserDetailsManagerConfigurer - Global AuthenticationManager configured with UserDetailsService bean with name userServiceImpl
2025-03-21 09:56:04.753 [main] INFO  o.a.coyote.http11.Http11NioProtocol - Starting ProtocolHandler ["http-nio-8080"]
2025-03-21 09:56:04.767 [main] INFO  o.s.b.w.e.tomcat.TomcatWebServer - Tomcat started on port 8080 (http) with context path '/'
2025-03-21 09:56:04.775 [main] INFO  lk.ijse.backend.BackEndApplication - Started BackEndApplication in 6.674 seconds (process running for 7.495)
2025-03-21 09:56:21.592 [http-nio-8080-exec-1] INFO  o.a.c.c.C.[Tomcat].[localhost].[/] - Initializing Spring DispatcherServlet 'dispatcherServlet'
2025-03-21 09:56:21.592 [http-nio-8080-exec-1] INFO  o.s.web.servlet.DispatcherServlet - Initializing Servlet 'dispatcherServlet'
2025-03-21 09:56:21.592 [http-nio-8080-exec-1] INFO  o.s.web.servlet.DispatcherServlet - Completed initialization in 0 ms
2025-03-21 09:56:21.791 [http-nio-8080-exec-2] INFO  l.i.b.controller.AuthController - Received sign-in request for email: dilsarathiranjaya3@gmail.com
2025-03-21 09:56:22.140 [http-nio-8080-exec-2] INFO  l.i.b.controller.AuthController - User successfully signed in with email: dilsarathiranjaya3@gmail.com
2025-03-21 09:56:24.113 [http-nio-8080-exec-4] INFO  l.i.b.controller.AuthController - Received token refresh request
2025-03-21 09:56:24.157 [http-nio-8080-exec-4] INFO  l.i.b.controller.AuthController - New access token generated for email: dilsarathiranjaya3@gmail.com
2025-03-21 09:59:24.338 [SpringApplicationShutdownHook] INFO  o.s.b.w.e.tomcat.GracefulShutdown - Commencing graceful shutdown. Waiting for active requests to complete
2025-03-21 09:59:24.349 [tomcat-shutdown] INFO  o.s.b.w.e.tomcat.GracefulShutdown - Graceful shutdown complete
2025-03-21 09:59:24.354 [SpringApplicationShutdownHook] INFO  o.s.o.j.LocalContainerEntityManagerFactoryBean - Closing JPA EntityManagerFactory for persistence unit 'default'
2025-03-21 09:59:24.355 [SpringApplicationShutdownHook] INFO  com.zaxxer.hikari.HikariDataSource - HikariPool-1 - Shutdown initiated...
2025-03-21 09:59:24.363 [SpringApplicationShutdownHook] INFO  com.zaxxer.hikari.HikariDataSource - HikariPool-1 - Shutdown completed.
2025-03-21 12:49:49.876 [background-preinit] INFO  o.h.validator.internal.util.Version - HV000001: Hibernate Validator 8.0.2.Final
2025-03-21 12:49:49.948 [main] INFO  lk.ijse.backend.BackEndApplication - Starting BackEndApplication using Java 21.0.1 with PID 1648 (C:\Users\TRON\Documents\IdeaProjects\AAD\Spring\Luma-Social-Media-Platform\Back-end\target\classes started by TRON in C:\Users\TRON\Documents\IdeaProjects\AAD\Spring\Luma-Social-Media-Platform)
2025-03-21 12:49:49.949 [main] INFO  lk.ijse.backend.BackEndApplication - No active profile set, falling back to 1 default profile: "default"
2025-03-21 12:49:50.285 [main] INFO  o.s.c.i.s.PropertySourceProcessor - Properties location [classpath:otherprops.properties] not resolvable: class path resource [otherprops.properties] cannot be opened because it does not exist
2025-03-21 12:49:51.079 [main] INFO  o.s.d.r.c.RepositoryConfigurationDelegate - Bootstrapping Spring Data JPA repositories in DEFAULT mode.
2025-03-21 12:49:51.140 [main] INFO  o.s.d.r.c.RepositoryConfigurationDelegate - Finished Spring Data repository scanning in 52 ms. Found 1 JPA repository interface.
2025-03-21 12:49:51.660 [main] INFO  o.s.b.w.e.tomcat.TomcatWebServer - Tomcat initialized with port 8080 (http)
2025-03-21 12:49:51.670 [main] INFO  o.a.coyote.http11.Http11NioProtocol - Initializing ProtocolHandler ["http-nio-8080"]
2025-03-21 12:49:51.672 [main] INFO  o.a.catalina.core.StandardService - Starting service [Tomcat]
2025-03-21 12:49:51.672 [main] INFO  o.a.catalina.core.StandardEngine - Starting Servlet engine: [Apache Tomcat/10.1.36]
2025-03-21 12:49:51.726 [main] INFO  o.a.c.c.C.[Tomcat].[localhost].[/] - Initializing Spring embedded WebApplicationContext
2025-03-21 12:49:51.727 [main] INFO  o.s.b.w.s.c.ServletWebServerApplicationContext - Root WebApplicationContext: initialization completed in 1720 ms
2025-03-21 12:49:51.884 [main] INFO  o.h.jpa.internal.util.LogHelper - HHH000204: Processing PersistenceUnitInfo [name: default]
2025-03-21 12:49:51.949 [main] INFO  org.hibernate.Version - HHH000412: Hibernate ORM core version 6.6.8.Final
2025-03-21 12:49:51.976 [main] INFO  o.h.c.i.RegionFactoryInitiator - HHH000026: Second-level cache disabled
2025-03-21 12:49:52.212 [main] INFO  o.s.o.j.p.SpringPersistenceUnitInfo - No LoadTimeWeaver setup: ignoring JPA class transformer
2025-03-21 12:49:52.235 [main] INFO  com.zaxxer.hikari.HikariDataSource - HikariPool-1 - Starting...
2025-03-21 12:49:52.519 [main] INFO  com.zaxxer.hikari.pool.HikariPool - HikariPool-1 - Added connection com.mysql.cj.jdbc.ConnectionImpl@3593e074
2025-03-21 12:49:52.521 [main] INFO  com.zaxxer.hikari.HikariDataSource - HikariPool-1 - Start completed.
2025-03-21 12:49:52.557 [main] WARN  org.hibernate.orm.deprecation - HHH90000025: MySQL8Dialect does not need to be specified explicitly using 'hibernate.dialect' (remove the property setting and it will be selected by default)
2025-03-21 12:49:52.558 [main] WARN  org.hibernate.orm.deprecation - HHH90000026: MySQL8Dialect has been deprecated; use org.hibernate.dialect.MySQLDialect instead
2025-03-21 12:49:52.571 [main] INFO  o.hibernate.orm.connections.pooling - HHH10001005: Database info:
	Database JDBC URL [Connecting through datasource 'HikariDataSource (HikariPool-1)']
	Database driver: undefined/unknown
	Database version: 8.0
	Autocommit mode: undefined/unknown
	Isolation level: undefined/unknown
	Minimum pool size: undefined/unknown
	Maximum pool size: undefined/unknown
2025-03-21 12:49:53.943 [main] INFO  o.h.e.t.j.p.i.JtaPlatformInitiator - HHH000489: No JTA platform available (set 'hibernate.transaction.jta.platform' to enable JTA platform integration)
2025-03-21 12:49:54.189 [main] INFO  o.s.o.j.LocalContainerEntityManagerFactoryBean - Initialized JPA EntityManagerFactory for persistence unit 'default'
2025-03-21 12:49:54.613 [main] INFO  o.s.s.c.a.a.c.InitializeUserDetailsBeanManagerConfigurer$InitializeUserDetailsManagerConfigurer - Global AuthenticationManager configured with UserDetailsService bean with name userServiceImpl
2025-03-21 12:49:55.351 [main] INFO  o.a.coyote.http11.Http11NioProtocol - Starting ProtocolHandler ["http-nio-8080"]
2025-03-21 12:49:55.364 [main] INFO  o.s.b.w.e.tomcat.TomcatWebServer - Tomcat started on port 8080 (http) with context path '/'
2025-03-21 12:49:55.371 [main] INFO  lk.ijse.backend.BackEndApplication - Started BackEndApplication in 6.148 seconds (process running for 7.025)
2025-03-21 12:50:00.375 [http-nio-8080-exec-2] INFO  o.a.c.c.C.[Tomcat].[localhost].[/] - Initializing Spring DispatcherServlet 'dispatcherServlet'
2025-03-21 12:50:00.375 [http-nio-8080-exec-2] INFO  o.s.web.servlet.DispatcherServlet - Initializing Servlet 'dispatcherServlet'
2025-03-21 12:50:00.376 [http-nio-8080-exec-2] INFO  o.s.web.servlet.DispatcherServlet - Completed initialization in 1 ms
2025-03-21 12:50:00.555 [http-nio-8080-exec-1] INFO  l.i.b.controller.AuthController - Received sign-in request for email: dilsarathiranjaya3@gmail.com
2025-03-21 12:50:00.934 [http-nio-8080-exec-1] INFO  l.i.b.controller.AuthController - User successfully signed in with email: dilsarathiranjaya3@gmail.com
2025-03-21 12:50:02.911 [http-nio-8080-exec-4] INFO  l.i.b.controller.AuthController - Received token refresh request
2025-03-21 12:50:02.972 [http-nio-8080-exec-4] INFO  l.i.b.controller.AuthController - New access token generated for email: dilsarathiranjaya3@gmail.com
2025-03-21 12:50:23.700 [http-nio-8080-exec-5] INFO  l.i.b.controller.AuthController - Received token refresh request
2025-03-21 12:50:23.721 [http-nio-8080-exec-5] INFO  l.i.b.controller.AuthController - New access token generated for email: dilsarathiranjaya3@gmail.com
2025-03-21 12:50:49.518 [http-nio-8080-exec-6] INFO  l.i.b.controller.AuthController - Received token refresh request
2025-03-21 12:50:49.539 [http-nio-8080-exec-6] INFO  l.i.b.controller.AuthController - New access token generated for email: dilsarathiranjaya3@gmail.com
2025-03-21 12:52:30.045 [SpringApplicationShutdownHook] INFO  o.s.b.w.e.tomcat.GracefulShutdown - Commencing graceful shutdown. Waiting for active requests to complete
2025-03-21 12:52:30.056 [tomcat-shutdown] INFO  o.s.b.w.e.tomcat.GracefulShutdown - Graceful shutdown complete
2025-03-21 12:52:30.060 [SpringApplicationShutdownHook] INFO  o.s.o.j.LocalContainerEntityManagerFactoryBean - Closing JPA EntityManagerFactory for persistence unit 'default'
2025-03-21 12:52:30.061 [SpringApplicationShutdownHook] INFO  com.zaxxer.hikari.HikariDataSource - HikariPool-1 - Shutdown initiated...
2025-03-21 12:52:30.067 [SpringApplicationShutdownHook] INFO  com.zaxxer.hikari.HikariDataSource - HikariPool-1 - Shutdown completed.
2025-03-21 13:01:32.345 [background-preinit] INFO  o.h.validator.internal.util.Version - HV000001: Hibernate Validator 8.0.2.Final
2025-03-21 13:01:32.425 [main] INFO  lk.ijse.backend.BackEndApplication - Starting BackEndApplication using Java 21.0.1 with PID 8508 (C:\Users\TRON\Documents\IdeaProjects\AAD\Spring\Luma-Social-Media-Platform\Back-end\target\classes started by TRON in C:\Users\TRON\Documents\IdeaProjects\AAD\Spring\Luma-Social-Media-Platform)
2025-03-21 13:01:32.431 [main] INFO  lk.ijse.backend.BackEndApplication - No active profile set, falling back to 1 default profile: "default"
2025-03-21 13:01:32.748 [main] INFO  o.s.c.i.s.PropertySourceProcessor - Properties location [classpath:otherprops.properties] not resolvable: class path resource [otherprops.properties] cannot be opened because it does not exist
2025-03-21 13:01:33.650 [main] INFO  o.s.d.r.c.RepositoryConfigurationDelegate - Bootstrapping Spring Data JPA repositories in DEFAULT mode.
2025-03-21 13:01:33.734 [main] INFO  o.s.d.r.c.RepositoryConfigurationDelegate - Finished Spring Data repository scanning in 72 ms. Found 1 JPA repository interface.
2025-03-21 13:01:34.251 [main] INFO  o.s.b.w.e.tomcat.TomcatWebServer - Tomcat initialized with port 8080 (http)
2025-03-21 13:01:34.260 [main] INFO  o.a.coyote.http11.Http11NioProtocol - Initializing ProtocolHandler ["http-nio-8080"]
2025-03-21 13:01:34.263 [main] INFO  o.a.catalina.core.StandardService - Starting service [Tomcat]
2025-03-21 13:01:34.264 [main] INFO  o.a.catalina.core.StandardEngine - Starting Servlet engine: [Apache Tomcat/10.1.36]
2025-03-21 13:01:34.314 [main] INFO  o.a.c.c.C.[Tomcat].[localhost].[/] - Initializing Spring embedded WebApplicationContext
2025-03-21 13:01:34.315 [main] INFO  o.s.b.w.s.c.ServletWebServerApplicationContext - Root WebApplicationContext: initialization completed in 1832 ms
2025-03-21 13:01:34.467 [main] INFO  o.h.jpa.internal.util.LogHelper - HHH000204: Processing PersistenceUnitInfo [name: default]
2025-03-21 13:01:34.522 [main] INFO  org.hibernate.Version - HHH000412: Hibernate ORM core version 6.6.8.Final
2025-03-21 13:01:34.549 [main] INFO  o.h.c.i.RegionFactoryInitiator - HHH000026: Second-level cache disabled
2025-03-21 13:01:34.771 [main] INFO  o.s.o.j.p.SpringPersistenceUnitInfo - No LoadTimeWeaver setup: ignoring JPA class transformer
2025-03-21 13:01:34.797 [main] INFO  com.zaxxer.hikari.HikariDataSource - HikariPool-1 - Starting...
2025-03-21 13:01:35.102 [main] INFO  com.zaxxer.hikari.pool.HikariPool - HikariPool-1 - Added connection com.mysql.cj.jdbc.ConnectionImpl@1c3d9e28
2025-03-21 13:01:35.104 [main] INFO  com.zaxxer.hikari.HikariDataSource - HikariPool-1 - Start completed.
2025-03-21 13:01:35.139 [main] WARN  org.hibernate.orm.deprecation - HHH90000025: MySQL8Dialect does not need to be specified explicitly using 'hibernate.dialect' (remove the property setting and it will be selected by default)
2025-03-21 13:01:35.140 [main] WARN  org.hibernate.orm.deprecation - HHH90000026: MySQL8Dialect has been deprecated; use org.hibernate.dialect.MySQLDialect instead
2025-03-21 13:01:35.154 [main] INFO  o.hibernate.orm.connections.pooling - HHH10001005: Database info:
	Database JDBC URL [Connecting through datasource 'HikariDataSource (HikariPool-1)']
	Database driver: undefined/unknown
	Database version: 8.0
	Autocommit mode: undefined/unknown
	Isolation level: undefined/unknown
	Minimum pool size: undefined/unknown
	Maximum pool size: undefined/unknown
2025-03-21 13:01:36.718 [main] INFO  o.h.e.t.j.p.i.JtaPlatformInitiator - HHH000489: No JTA platform available (set 'hibernate.transaction.jta.platform' to enable JTA platform integration)
2025-03-21 13:01:37.007 [main] INFO  o.s.o.j.LocalContainerEntityManagerFactoryBean - Initialized JPA EntityManagerFactory for persistence unit 'default'
2025-03-21 13:01:37.565 [main] INFO  o.s.s.c.a.a.c.InitializeUserDetailsBeanManagerConfigurer$InitializeUserDetailsManagerConfigurer - Global AuthenticationManager configured with UserDetailsService bean with name userServiceImpl
2025-03-21 13:01:38.295 [main] INFO  o.a.coyote.http11.Http11NioProtocol - Starting ProtocolHandler ["http-nio-8080"]
2025-03-21 13:01:38.309 [main] INFO  o.s.b.w.e.tomcat.TomcatWebServer - Tomcat started on port 8080 (http) with context path '/'
2025-03-21 13:01:38.317 [main] INFO  lk.ijse.backend.BackEndApplication - Started BackEndApplication in 6.576 seconds (process running for 7.402)
2025-03-21 13:01:48.316 [http-nio-8080-exec-1] INFO  o.a.c.c.C.[Tomcat].[localhost].[/] - Initializing Spring DispatcherServlet 'dispatcherServlet'
2025-03-21 13:01:48.316 [http-nio-8080-exec-1] INFO  o.s.web.servlet.DispatcherServlet - Initializing Servlet 'dispatcherServlet'
2025-03-21 13:01:48.317 [http-nio-8080-exec-1] INFO  o.s.web.servlet.DispatcherServlet - Completed initialization in 1 ms
2025-03-21 13:01:48.452 [http-nio-8080-exec-1] INFO  l.i.b.controller.AuthController - Received sign-in request for email: dilsarathiranjaya3@gmail.com
2025-03-21 13:01:48.924 [http-nio-8080-exec-1] INFO  l.i.b.controller.AuthController - User successfully signed in with email: dilsarathiranjaya3@gmail.com
2025-03-21 13:01:50.836 [http-nio-8080-exec-3] INFO  l.i.b.controller.AuthController - Received token refresh request
2025-03-21 13:01:50.894 [http-nio-8080-exec-3] INFO  l.i.b.controller.AuthController - New access token generated for email: dilsarathiranjaya3@gmail.com
2025-03-21 13:02:16.288 [http-nio-8080-exec-2] INFO  l.i.b.controller.AuthController - Received token refresh request
2025-03-21 13:02:16.310 [http-nio-8080-exec-2] INFO  l.i.b.controller.AuthController - New access token generated for email: dilsarathiranjaya3@gmail.com
2025-03-21 13:04:27.514 [http-nio-8080-exec-5] INFO  l.i.b.controller.AuthController - Received sign-in request for email: dilsarathiranjaya3@gmail.com
2025-03-21 13:04:27.669 [http-nio-8080-exec-5] INFO  l.i.b.controller.AuthController - User successfully signed in with email: dilsarathiranjaya3@gmail.com
2025-03-21 13:04:29.303 [http-nio-8080-exec-6] INFO  l.i.b.controller.AuthController - Received token refresh request
2025-03-21 13:04:29.333 [http-nio-8080-exec-6] INFO  l.i.b.controller.AuthController - New access token generated for email: dilsarathiranjaya3@gmail.com
2025-03-21 13:06:14.670 [http-nio-8080-exec-8] INFO  l.i.b.controller.AuthController - Received token refresh request
2025-03-21 13:06:14.695 [http-nio-8080-exec-8] INFO  l.i.b.controller.AuthController - New access token generated for email: dilsarathiranjaya3@gmail.com
2025-03-21 13:08:57.728 [SpringApplicationShutdownHook] INFO  o.s.b.w.e.tomcat.GracefulShutdown - Commencing graceful shutdown. Waiting for active requests to complete
2025-03-21 13:08:57.728 [tomcat-shutdown] INFO  o.s.b.w.e.tomcat.GracefulShutdown - Graceful shutdown complete
2025-03-21 13:08:57.728 [SpringApplicationShutdownHook] INFO  o.s.o.j.LocalContainerEntityManagerFactoryBean - Closing JPA EntityManagerFactory for persistence unit 'default'
2025-03-21 13:08:57.744 [SpringApplicationShutdownHook] INFO  com.zaxxer.hikari.HikariDataSource - HikariPool-1 - Shutdown initiated...
2025-03-21 13:08:57.744 [SpringApplicationShutdownHook] INFO  com.zaxxer.hikari.HikariDataSource - HikariPool-1 - Shutdown completed.
