2025-03-23 08:12:17.061 [background-preinit] INFO  o.h.validator.internal.util.Version - HV000001: Hibernate Validator 8.0.2.Final
2025-03-23 08:12:17.154 [main] INFO  lk.ijse.backend.BackEndApplication - Starting BackEndApplication using Java 21.0.1 with PID 12272 (C:\Users\TRON\Documents\IdeaProjects\AAD\Spring\Luma-Social-Media-Platform\Back-end\target\classes started by TRON in C:\Users\TRON\Documents\IdeaProjects\AAD\Spring\Luma-Social-Media-Platform)
2025-03-23 08:12:17.155 [main] INFO  lk.ijse.backend.BackEndApplication - No active profile set, falling back to 1 default profile: "default"
2025-03-23 08:12:17.762 [main] INFO  o.s.c.i.s.PropertySourceProcessor - Properties location [classpath:otherprops.properties] not resolvable: class path resource [otherprops.properties] cannot be opened because it does not exist
2025-03-23 08:12:18.664 [main] INFO  o.s.d.r.c.RepositoryConfigurationDelegate - Bootstrapping Spring Data JPA repositories in DEFAULT mode.
2025-03-23 08:12:18.789 [main] INFO  o.s.d.r.c.RepositoryConfigurationDelegate - Finished Spring Data repository scanning in 112 ms. Found 9 JPA repository interfaces.
2025-03-23 08:12:19.562 [main] INFO  o.s.b.w.e.tomcat.TomcatWebServer - Tomcat initialized with port 8080 (http)
2025-03-23 08:12:19.581 [main] INFO  o.a.coyote.http11.Http11NioProtocol - Initializing ProtocolHandler ["http-nio-8080"]
2025-03-23 08:12:19.582 [main] INFO  o.a.catalina.core.StandardService - Starting service [Tomcat]
2025-03-23 08:12:19.583 [main] INFO  o.a.catalina.core.StandardEngine - Starting Servlet engine: [Apache Tomcat/10.1.36]
2025-03-23 08:12:19.662 [main] INFO  o.a.c.c.C.[Tomcat].[localhost].[/] - Initializing Spring embedded WebApplicationContext
2025-03-23 08:12:19.663 [main] INFO  o.s.b.w.s.c.ServletWebServerApplicationContext - Root WebApplicationContext: initialization completed in 2455 ms
2025-03-23 08:12:19.843 [main] INFO  o.h.jpa.internal.util.LogHelper - HHH000204: Processing PersistenceUnitInfo [name: default]
2025-03-23 08:12:19.921 [main] INFO  org.hibernate.Version - HHH000412: Hibernate ORM core version 6.6.8.Final
2025-03-23 08:12:19.959 [main] INFO  o.h.c.i.RegionFactoryInitiator - HHH000026: Second-level cache disabled
2025-03-23 08:12:20.368 [main] INFO  o.s.o.j.p.SpringPersistenceUnitInfo - No LoadTimeWeaver setup: ignoring JPA class transformer
2025-03-23 08:12:20.409 [main] INFO  com.zaxxer.hikari.HikariDataSource - HikariPool-1 - Starting...
2025-03-23 08:12:20.893 [main] INFO  com.zaxxer.hikari.pool.HikariPool - HikariPool-1 - Added connection com.mysql.cj.jdbc.ConnectionImpl@772cf46b
2025-03-23 08:12:20.895 [main] INFO  com.zaxxer.hikari.HikariDataSource - HikariPool-1 - Start completed.
2025-03-23 08:12:20.971 [main] WARN  org.hibernate.orm.deprecation - HHH90000025: MySQL8Dialect does not need to be specified explicitly using 'hibernate.dialect' (remove the property setting and it will be selected by default)
2025-03-23 08:12:20.972 [main] WARN  org.hibernate.orm.deprecation - HHH90000026: MySQL8Dialect has been deprecated; use org.hibernate.dialect.MySQLDialect instead
2025-03-23 08:12:20.989 [main] INFO  o.hibernate.orm.connections.pooling - HHH10001005: Database info:
	Database JDBC URL [Connecting through datasource 'HikariDataSource (HikariPool-1)']
	Database driver: undefined/unknown
	Database version: 8.0
	Autocommit mode: undefined/unknown
	Isolation level: undefined/unknown
	Minimum pool size: undefined/unknown
	Maximum pool size: undefined/unknown
2025-03-23 08:12:22.726 [main] INFO  o.h.e.t.j.p.i.JtaPlatformInitiator - HHH000489: No JTA platform available (set 'hibernate.transaction.jta.platform' to enable JTA platform integration)
2025-03-23 08:12:23.080 [main] INFO  o.s.o.j.LocalContainerEntityManagerFactoryBean - Initialized JPA EntityManagerFactory for persistence unit 'default'
2025-03-23 08:12:23.734 [main] INFO  o.s.s.c.a.a.c.InitializeUserDetailsBeanManagerConfigurer$InitializeUserDetailsManagerConfigurer - Global AuthenticationManager configured with UserDetailsService bean with name userServiceImpl
2025-03-23 08:12:23.789 [main] INFO  o.s.d.j.r.query.QueryEnhancerFactory - Hibernate is in classpath; If applicable, HQL parser will be used.
2025-03-23 08:12:26.453 [main] INFO  o.a.coyote.http11.Http11NioProtocol - Starting ProtocolHandler ["http-nio-8080"]
2025-03-23 08:12:26.471 [main] INFO  o.s.b.w.e.tomcat.TomcatWebServer - Tomcat started on port 8080 (http) with context path '/'
2025-03-23 08:12:26.481 [main] INFO  lk.ijse.backend.BackEndApplication - Started BackEndApplication in 10.236 seconds (process running for 11.526)
2025-03-23 08:12:41.904 [http-nio-8080-exec-1] INFO  o.a.c.c.C.[Tomcat].[localhost].[/] - Initializing Spring DispatcherServlet 'dispatcherServlet'
2025-03-23 08:12:41.904 [http-nio-8080-exec-1] INFO  o.s.web.servlet.DispatcherServlet - Initializing Servlet 'dispatcherServlet'
2025-03-23 08:12:41.908 [http-nio-8080-exec-1] INFO  o.s.web.servlet.DispatcherServlet - Completed initialization in 4 ms
2025-03-23 08:12:42.192 [http-nio-8080-exec-2] INFO  l.i.b.controller.AuthController - Received sign-in request for email: dilsarathiranjaya3@gmail.com
2025-03-23 08:12:42.612 [http-nio-8080-exec-2] INFO  l.i.b.controller.AuthController - User successfully signed in with email: dilsarathiranjaya3@gmail.com
2025-03-23 08:12:44.519 [http-nio-8080-exec-6] INFO  l.i.b.controller.AuthController - Received token refresh request
2025-03-23 08:12:44.575 [http-nio-8080-exec-6] INFO  l.i.b.controller.AuthController - New access token generated for email: dilsarathiranjaya3@gmail.com
2025-03-23 08:12:44.657 [http-nio-8080-exec-7] INFO  l.i.b.controller.TimelineController - Fetching timeline posts for user: dilsarathiranjaya3@gmail.com
2025-03-23 08:12:44.710 [http-nio-8080-exec-7] INFO  l.i.b.controller.TimelineController - Successfully fetched 0 timeline posts
2025-03-23 08:14:20.255 [http-nio-8080-exec-9] INFO  l.i.b.controller.AuthController - Received token refresh request
2025-03-23 08:14:20.281 [http-nio-8080-exec-9] INFO  l.i.b.controller.AuthController - New access token generated for email: dilsarathiranjaya3@gmail.com
2025-03-23 08:14:20.319 [http-nio-8080-exec-2] INFO  l.i.b.controller.TimelineController - Fetching timeline posts for user: dilsarathiranjaya3@gmail.com
2025-03-23 08:14:20.328 [http-nio-8080-exec-2] INFO  l.i.b.controller.TimelineController - Successfully fetched 0 timeline posts
2025-03-23 08:16:00.183 [SpringApplicationShutdownHook] INFO  o.s.b.w.e.tomcat.GracefulShutdown - Commencing graceful shutdown. Waiting for active requests to complete
2025-03-23 08:16:00.196 [tomcat-shutdown] INFO  o.s.b.w.e.tomcat.GracefulShutdown - Graceful shutdown complete
2025-03-23 08:16:00.201 [SpringApplicationShutdownHook] INFO  o.s.o.j.LocalContainerEntityManagerFactoryBean - Closing JPA EntityManagerFactory for persistence unit 'default'
2025-03-23 08:16:00.206 [SpringApplicationShutdownHook] INFO  com.zaxxer.hikari.HikariDataSource - HikariPool-1 - Shutdown initiated...
2025-03-23 08:16:00.217 [SpringApplicationShutdownHook] INFO  com.zaxxer.hikari.HikariDataSource - HikariPool-1 - Shutdown completed.
2025-03-23 19:08:38.263 [background-preinit] INFO  o.h.validator.internal.util.Version - HV000001: Hibernate Validator 8.0.2.Final
2025-03-23 19:08:38.352 [main] INFO  lk.ijse.backend.BackEndApplication - Starting BackEndApplication using Java 21.0.1 with PID 1504 (C:\Users\TRON\Documents\IdeaProjects\AAD\Spring\Luma-Social-Media-Platform\Back-end\target\classes started by TRON in C:\Users\TRON\Documents\IdeaProjects\AAD\Spring\Luma-Social-Media-Platform)
2025-03-23 19:08:38.353 [main] INFO  lk.ijse.backend.BackEndApplication - No active profile set, falling back to 1 default profile: "default"
2025-03-23 19:08:38.928 [main] INFO  o.s.c.i.s.PropertySourceProcessor - Properties location [classpath:otherprops.properties] not resolvable: class path resource [otherprops.properties] cannot be opened because it does not exist
2025-03-23 19:08:39.865 [main] INFO  o.s.d.r.c.RepositoryConfigurationDelegate - Bootstrapping Spring Data JPA repositories in DEFAULT mode.
2025-03-23 19:08:39.949 [main] INFO  o.s.d.r.c.RepositoryConfigurationDelegate - Finished Spring Data repository scanning in 75 ms. Found 9 JPA repository interfaces.
2025-03-23 19:08:40.551 [main] INFO  o.s.b.w.e.tomcat.TomcatWebServer - Tomcat initialized with port 8080 (http)
2025-03-23 19:08:40.563 [main] INFO  o.a.coyote.http11.Http11NioProtocol - Initializing ProtocolHandler ["http-nio-8080"]
2025-03-23 19:08:40.564 [main] INFO  o.a.catalina.core.StandardService - Starting service [Tomcat]
2025-03-23 19:08:40.564 [main] INFO  o.a.catalina.core.StandardEngine - Starting Servlet engine: [Apache Tomcat/10.1.36]
2025-03-23 19:08:40.641 [main] INFO  o.a.c.c.C.[Tomcat].[localhost].[/] - Initializing Spring embedded WebApplicationContext
2025-03-23 19:08:40.642 [main] INFO  o.s.b.w.s.c.ServletWebServerApplicationContext - Root WebApplicationContext: initialization completed in 2228 ms
2025-03-23 19:08:40.836 [main] INFO  o.h.jpa.internal.util.LogHelper - HHH000204: Processing PersistenceUnitInfo [name: default]
2025-03-23 19:08:40.908 [main] INFO  org.hibernate.Version - HHH000412: Hibernate ORM core version 6.6.8.Final
2025-03-23 19:08:40.947 [main] INFO  o.h.c.i.RegionFactoryInitiator - HHH000026: Second-level cache disabled
2025-03-23 19:08:41.264 [main] INFO  o.s.o.j.p.SpringPersistenceUnitInfo - No LoadTimeWeaver setup: ignoring JPA class transformer
2025-03-23 19:08:41.296 [main] INFO  com.zaxxer.hikari.HikariDataSource - HikariPool-1 - Starting...
2025-03-23 19:08:41.676 [main] INFO  com.zaxxer.hikari.pool.HikariPool - HikariPool-1 - Added connection com.mysql.cj.jdbc.ConnectionImpl@22604c7e
2025-03-23 19:08:41.677 [main] INFO  com.zaxxer.hikari.HikariDataSource - HikariPool-1 - Start completed.
2025-03-23 19:08:41.739 [main] WARN  org.hibernate.orm.deprecation - HHH90000025: MySQL8Dialect does not need to be specified explicitly using 'hibernate.dialect' (remove the property setting and it will be selected by default)
2025-03-23 19:08:41.740 [main] WARN  org.hibernate.orm.deprecation - HHH90000026: MySQL8Dialect has been deprecated; use org.hibernate.dialect.MySQLDialect instead
2025-03-23 19:08:41.760 [main] INFO  o.hibernate.orm.connections.pooling - HHH10001005: Database info:
	Database JDBC URL [Connecting through datasource 'HikariDataSource (HikariPool-1)']
	Database driver: undefined/unknown
	Database version: 8.0
	Autocommit mode: undefined/unknown
	Isolation level: undefined/unknown
	Minimum pool size: undefined/unknown
	Maximum pool size: undefined/unknown
2025-03-23 19:08:43.340 [main] INFO  o.h.e.t.j.p.i.JtaPlatformInitiator - HHH000489: No JTA platform available (set 'hibernate.transaction.jta.platform' to enable JTA platform integration)
2025-03-23 19:08:43.647 [main] INFO  o.s.o.j.LocalContainerEntityManagerFactoryBean - Initialized JPA EntityManagerFactory for persistence unit 'default'
2025-03-23 19:08:44.286 [main] INFO  o.s.s.c.a.a.c.InitializeUserDetailsBeanManagerConfigurer$InitializeUserDetailsManagerConfigurer - Global AuthenticationManager configured with UserDetailsService bean with name userServiceImpl
2025-03-23 19:08:44.331 [main] INFO  o.s.d.j.r.query.QueryEnhancerFactory - Hibernate is in classpath; If applicable, HQL parser will be used.
2025-03-23 19:08:46.545 [main] INFO  o.a.coyote.http11.Http11NioProtocol - Starting ProtocolHandler ["http-nio-8080"]
2025-03-23 19:08:46.587 [main] INFO  o.s.b.w.e.tomcat.TomcatWebServer - Tomcat started on port 8080 (http) with context path '/'
2025-03-23 19:08:46.603 [main] INFO  lk.ijse.backend.BackEndApplication - Started BackEndApplication in 9.147 seconds (process running for 10.642)
2025-03-23 19:31:59.552 [SpringApplicationShutdownHook] INFO  o.s.b.w.e.tomcat.GracefulShutdown - Commencing graceful shutdown. Waiting for active requests to complete
2025-03-23 19:31:59.560 [tomcat-shutdown] INFO  o.s.b.w.e.tomcat.GracefulShutdown - Graceful shutdown complete
2025-03-23 19:31:59.560 [SpringApplicationShutdownHook] INFO  o.s.o.j.LocalContainerEntityManagerFactoryBean - Closing JPA EntityManagerFactory for persistence unit 'default'
2025-03-23 19:31:59.560 [SpringApplicationShutdownHook] INFO  com.zaxxer.hikari.HikariDataSource - HikariPool-1 - Shutdown initiated...
2025-03-23 19:31:59.576 [SpringApplicationShutdownHook] INFO  com.zaxxer.hikari.HikariDataSource - HikariPool-1 - Shutdown completed.
