2025-04-09 08:25:03.848 [background-preinit] INFO  o.h.validator.internal.util.Version - HV000001: Hibernate Validator 8.0.2.Final
2025-04-09 08:25:03.958 [main] INFO  lk.ijse.backend.BackEndApplication - Starting BackEndApplication using Java 21.0.1 with PID 9356 (C:\Users\TRON\Documents\IdeaProjects\AAD\Spring\Luma-Social-Media-Platform\Back-end\target\classes started by TRON in C:\Users\TRON\Documents\IdeaProjects\AAD\Spring\Luma-Social-Media-Platform)
2025-04-09 08:25:03.959 [main] INFO  lk.ijse.backend.BackEndApplication - No active profile set, falling back to 1 default profile: "default"
2025-04-09 08:25:04.650 [main] INFO  o.s.c.i.s.PropertySourceProcessor - Properties location [classpath:otherprops.properties] not resolvable: class path resource [otherprops.properties] cannot be opened because it does not exist
2025-04-09 08:25:05.839 [main] INFO  o.s.d.r.c.RepositoryConfigurationDelegate - Bootstrapping Spring Data JPA repositories in DEFAULT mode.
2025-04-09 08:25:06.007 [main] INFO  o.s.d.r.c.RepositoryConfigurationDelegate - Finished Spring Data repository scanning in 153 ms. Found 10 JPA repository interfaces.
2025-04-09 08:25:07.265 [main] INFO  o.s.b.w.e.tomcat.TomcatWebServer - Tomcat initialized with port 8080 (http)
2025-04-09 08:25:07.295 [main] INFO  o.a.coyote.http11.Http11NioProtocol - Initializing ProtocolHandler ["http-nio-8080"]
2025-04-09 08:25:07.298 [main] INFO  o.a.catalina.core.StandardService - Starting service [Tomcat]
2025-04-09 08:25:07.298 [main] INFO  o.a.catalina.core.StandardEngine - Starting Servlet engine: [Apache Tomcat/10.1.36]
2025-04-09 08:25:07.420 [main] INFO  o.a.c.c.C.[Tomcat].[localhost].[/] - Initializing Spring embedded WebApplicationContext
2025-04-09 08:25:07.420 [main] INFO  o.s.b.w.s.c.ServletWebServerApplicationContext - Root WebApplicationContext: initialization completed in 3400 ms
2025-04-09 08:25:07.728 [main] INFO  o.h.jpa.internal.util.LogHelper - HHH000204: Processing PersistenceUnitInfo [name: default]
2025-04-09 08:25:07.838 [main] INFO  org.hibernate.Version - HHH000412: Hibernate ORM core version 6.6.8.Final
2025-04-09 08:25:07.886 [main] INFO  o.h.c.i.RegionFactoryInitiator - HHH000026: Second-level cache disabled
2025-04-09 08:25:08.310 [main] INFO  o.s.o.j.p.SpringPersistenceUnitInfo - No LoadTimeWeaver setup: ignoring JPA class transformer
2025-04-09 08:25:08.354 [main] INFO  com.zaxxer.hikari.HikariDataSource - HikariPool-1 - Starting...
2025-04-09 08:25:08.896 [main] INFO  com.zaxxer.hikari.pool.HikariPool - HikariPool-1 - Added connection com.mysql.cj.jdbc.ConnectionImpl@c6c84fa
2025-04-09 08:25:08.898 [main] INFO  com.zaxxer.hikari.HikariDataSource - HikariPool-1 - Start completed.
2025-04-09 08:25:09.189 [main] WARN  org.hibernate.orm.deprecation - HHH90000025: MySQL8Dialect does not need to be specified explicitly using 'hibernate.dialect' (remove the property setting and it will be selected by default)
2025-04-09 08:25:09.191 [main] WARN  org.hibernate.orm.deprecation - HHH90000026: MySQL8Dialect has been deprecated; use org.hibernate.dialect.MySQLDialect instead
2025-04-09 08:25:09.224 [main] INFO  o.hibernate.orm.connections.pooling - HHH10001005: Database info:
	Database JDBC URL [Connecting through datasource 'HikariDataSource (HikariPool-1)']
	Database driver: undefined/unknown
	Database version: 8.0
	Autocommit mode: undefined/unknown
	Isolation level: undefined/unknown
	Minimum pool size: undefined/unknown
	Maximum pool size: undefined/unknown
2025-04-09 08:25:11.128 [main] INFO  o.h.e.t.j.p.i.JtaPlatformInitiator - HHH000489: No JTA platform available (set 'hibernate.transaction.jta.platform' to enable JTA platform integration)
2025-04-09 08:25:11.481 [main] INFO  o.s.o.j.LocalContainerEntityManagerFactoryBean - Initialized JPA EntityManagerFactory for persistence unit 'default'
2025-04-09 08:25:11.845 [main] INFO  o.s.d.j.r.query.QueryEnhancerFactory - Hibernate is in classpath; If applicable, HQL parser will be used.
2025-04-09 08:25:14.398 [main] INFO  o.s.s.c.a.a.c.InitializeUserDetailsBeanManagerConfigurer$InitializeUserDetailsManagerConfigurer - Global AuthenticationManager configured with UserDetailsService bean with name userServiceImpl
2025-04-09 08:25:23.149 [main] INFO  o.a.coyote.http11.Http11NioProtocol - Starting ProtocolHandler ["http-nio-8080"]
2025-04-09 08:25:23.163 [main] INFO  o.s.b.w.e.tomcat.TomcatWebServer - Tomcat started on port 8080 (http) with context path '/'
2025-04-09 08:25:23.171 [main] INFO  lk.ijse.backend.BackEndApplication - Started BackEndApplication in 20.348 seconds (process running for 22.13)
2025-04-09 08:25:51.117 [http-nio-8080-exec-1] INFO  o.a.c.c.C.[Tomcat].[localhost].[/] - Initializing Spring DispatcherServlet 'dispatcherServlet'
2025-04-09 08:25:51.117 [http-nio-8080-exec-1] INFO  o.s.web.servlet.DispatcherServlet - Initializing Servlet 'dispatcherServlet'
2025-04-09 08:25:51.123 [http-nio-8080-exec-1] INFO  o.s.web.servlet.DispatcherServlet - Completed initialization in 6 ms
2025-04-09 08:25:51.372 [http-nio-8080-exec-3] INFO  l.i.b.controller.AuthController - Received sign-in request for email: dilsarathiranjaya3@gmail.com
2025-04-09 08:25:51.850 [http-nio-8080-exec-3] INFO  l.i.b.controller.AuthController - User successfully signed in with email: dilsarathiranjaya3@gmail.com
2025-04-09 08:25:51.874 [http-nio-8080-exec-2] INFO  l.i.b.controller.AuthController - Checking 2FA status for email: dilsarathiranjaya3@gmail.com
2025-04-09 08:25:52.039 [http-nio-8080-exec-7] INFO  l.i.b.controller.ProfileController - Received profile info fetch request for user: dilsarathiranjaya3@gmail.com
2025-04-09 08:25:52.039 [http-nio-8080-exec-5] INFO  l.i.b.controller.TimelineController - Received request to get posts for email: dilsarathiranjaya3@gmail.com
2025-04-09 08:25:52.143 [http-nio-8080-exec-7] INFO  l.i.b.controller.ProfileController - Successfully retrieved profile info for user: dilsarathiranjaya3@gmail.com
2025-04-09 08:25:52.319 [http-nio-8080-exec-5] INFO  l.i.b.controller.TimelineController - Successfully retrieved posts for email: dilsarathiranjaya3@gmail.com
2025-04-09 08:26:01.198 [http-nio-8080-exec-1] INFO  l.i.b.controller.ProfileController - Received request to get posts for email: dilsarathiranjaya3@gmail.com
2025-04-09 08:26:01.201 [http-nio-8080-exec-9] INFO  l.i.b.controller.ProfileController - Received profile info fetch request for user: dilsarathiranjaya3@gmail.com
2025-04-09 08:26:01.223 [http-nio-8080-exec-9] INFO  l.i.b.controller.ProfileController - Successfully retrieved profile info for user: dilsarathiranjaya3@gmail.com
2025-04-09 08:26:01.227 [http-nio-8080-exec-3] INFO  l.i.b.c.FriendshipController - Retrieving friends for user: dilsarathiranjaya3@gmail.com
2025-04-09 08:26:01.251 [http-nio-8080-exec-3] INFO  l.i.b.c.FriendshipController - Retrieved 2 friends for user: dilsarathiranjaya3@gmail.com
2025-04-09 08:26:01.359 [http-nio-8080-exec-1] INFO  l.i.b.controller.ProfileController - Successfully retrieved posts for email: dilsarathiranjaya3@gmail.com
2025-04-09 08:26:01.379 [http-nio-8080-exec-7] INFO  l.i.b.controller.ProfileController - Received request to get posts for email: dilsarathiranjaya3@gmail.com
2025-04-09 08:26:01.488 [http-nio-8080-exec-7] INFO  l.i.b.controller.ProfileController - Successfully retrieved posts for email: dilsarathiranjaya3@gmail.com
2025-04-09 08:26:01.575 [http-nio-8080-exec-5] INFO  l.i.b.controller.ProfileController - Received request to get posts for email: dilsarathiranjaya3@gmail.com
2025-04-09 08:26:01.689 [http-nio-8080-exec-5] INFO  l.i.b.controller.ProfileController - Successfully retrieved posts for email: dilsarathiranjaya3@gmail.com
2025-04-09 08:26:14.339 [http-nio-8080-exec-10] INFO  l.i.b.controller.ProfileController - Received request to get post with ID: 3
2025-04-09 08:26:14.371 [http-nio-8080-exec-10] INFO  l.i.b.controller.ProfileController - Successfully retrieved post with ID: 3
2025-04-09 08:26:37.469 [http-nio-8080-exec-4] INFO  l.i.b.c.FriendshipController - Retrieving friends for user: dilsarathiranjaya3@gmail.com
2025-04-09 08:26:37.485 [http-nio-8080-exec-4] INFO  l.i.b.c.FriendshipController - Retrieved 2 friends for user: dilsarathiranjaya3@gmail.com
2025-04-09 08:27:48.224 [http-nio-8080-exec-8] INFO  l.i.b.controller.ProfileController - Received request to add reaction for post ID: 4
2025-04-09 08:27:48.263 [http-nio-8080-exec-8] INFO  l.i.b.controller.ProfileController - Successfully added reaction for post ID: 4
2025-04-09 08:27:56.487 [http-nio-8080-exec-10] INFO  l.i.b.controller.ProfileController - Received request to add reaction for post ID: 4
2025-04-09 08:27:56.511 [http-nio-8080-exec-10] INFO  l.i.b.controller.ProfileController - Successfully added reaction for post ID: 4
2025-04-09 08:28:12.052 [http-nio-8080-exec-9] INFO  l.i.b.c.FriendshipController - Retrieving friends for user: dilsarathiranjaya3@gmail.com
2025-04-09 08:28:12.052 [http-nio-8080-exec-2] INFO  l.i.b.c.FriendshipController - Retrieving friend requests for user: dilsarathiranjaya3@gmail.com
2025-04-09 08:28:12.068 [http-nio-8080-exec-2] INFO  l.i.b.c.FriendshipController - Retrieved 0 friend requests for user: dilsarathiranjaya3@gmail.com
2025-04-09 08:28:12.069 [http-nio-8080-exec-9] INFO  l.i.b.c.FriendshipController - Retrieved 2 friends for user: dilsarathiranjaya3@gmail.com
2025-04-09 08:28:12.080 [http-nio-8080-exec-5] INFO  l.i.b.controller.ProfileController - Received profile info fetch request for user: dilsarathiranjaya3@gmail.com
2025-04-09 08:28:12.095 [http-nio-8080-exec-8] INFO  l.i.b.c.FriendshipController - Retrieving friendship counts for user: dilsarathiranjaya3@gmail.com
2025-04-09 08:28:12.106 [http-nio-8080-exec-5] INFO  l.i.b.controller.ProfileController - Successfully retrieved profile info for user: dilsarathiranjaya3@gmail.com
2025-04-09 08:28:12.121 [http-nio-8080-exec-10] INFO  l.i.b.c.FriendshipController - Retrieving friend suggestions for user: dilsarathiranjaya3@gmail.com
2025-04-09 08:28:12.133 [http-nio-8080-exec-10] INFO  l.i.b.c.FriendshipController - Retrieved 0 friend suggestions for user: dilsarathiranjaya3@gmail.com
2025-04-09 08:28:12.137 [http-nio-8080-exec-8] INFO  l.i.b.c.FriendshipController - Retrieved friendship counts for user: dilsarathiranjaya3@gmail.com
2025-04-09 08:28:16.201 [http-nio-8080-exec-4] INFO  l.i.b.controller.ProfileController - Received profile info fetch request for user: dilsarathiranjaya3@gmail.com
2025-04-09 08:28:16.201 [http-nio-8080-exec-6] INFO  l.i.b.c.NotificationController - Fetching notifications for user: dilsarathiranjaya3@gmail.com, type: null
2025-04-09 08:28:16.220 [http-nio-8080-exec-4] INFO  l.i.b.controller.ProfileController - Successfully retrieved profile info for user: dilsarathiranjaya3@gmail.com
2025-04-09 08:28:16.260 [http-nio-8080-exec-6] INFO  l.i.b.c.NotificationController - Successfully fetched 13 notifications
2025-04-09 08:28:47.545 [http-nio-8080-exec-2] INFO  l.i.b.controller.SettingsController - Received account settings fetch request for user: dilsarathiranjaya3@gmail.com
2025-04-09 08:28:47.561 [http-nio-8080-exec-9] INFO  l.i.b.controller.ProfileController - Received profile info fetch request for user: dilsarathiranjaya3@gmail.com
2025-04-09 08:28:47.561 [http-nio-8080-exec-2] INFO  l.i.b.controller.SettingsController - Successfully retrieved account settings for user: dilsarathiranjaya3@gmail.com
2025-04-09 08:28:47.577 [http-nio-8080-exec-9] INFO  l.i.b.controller.ProfileController - Successfully retrieved profile info for user: dilsarathiranjaya3@gmail.com
2025-04-09 08:29:28.669 [http-nio-8080-exec-2] INFO  l.i.b.c.FriendshipController - Retrieving friend requests for user: dilsarathiranjaya3@gmail.com
2025-04-09 08:29:28.670 [http-nio-8080-exec-9] INFO  l.i.b.c.FriendshipController - Retrieving friend suggestions for user: dilsarathiranjaya3@gmail.com
2025-04-09 08:29:28.670 [http-nio-8080-exec-2] INFO  l.i.b.c.FriendshipController - Retrieved 0 friend requests for user: dilsarathiranjaya3@gmail.com
2025-04-09 08:29:28.670 [http-nio-8080-exec-9] INFO  l.i.b.c.FriendshipController - Retrieved 0 friend suggestions for user: dilsarathiranjaya3@gmail.com
2025-04-09 08:29:28.686 [http-nio-8080-exec-5] INFO  l.i.b.c.FriendshipController - Retrieving friends for user: dilsarathiranjaya3@gmail.com
2025-04-09 08:29:28.700 [http-nio-8080-exec-5] INFO  l.i.b.c.FriendshipController - Retrieved 2 friends for user: dilsarathiranjaya3@gmail.com
2025-04-09 08:29:28.700 [http-nio-8080-exec-10] INFO  l.i.b.c.FriendshipController - Retrieving friendship counts for user: dilsarathiranjaya3@gmail.com
2025-04-09 08:29:28.716 [http-nio-8080-exec-8] INFO  l.i.b.controller.ProfileController - Received profile info fetch request for user: dilsarathiranjaya3@gmail.com
2025-04-09 08:29:28.724 [http-nio-8080-exec-10] INFO  l.i.b.c.FriendshipController - Retrieved friendship counts for user: dilsarathiranjaya3@gmail.com
2025-04-09 08:29:28.732 [http-nio-8080-exec-8] INFO  l.i.b.controller.ProfileController - Successfully retrieved profile info for user: dilsarathiranjaya3@gmail.com
2025-04-09 08:29:51.972 [http-nio-8080-exec-6] INFO  l.i.b.controller.SettingsController - Received account settings fetch request for user: dilsarathiranjaya3@gmail.com
2025-04-09 08:29:51.972 [http-nio-8080-exec-1] INFO  l.i.b.controller.ProfileController - Received profile info fetch request for user: dilsarathiranjaya3@gmail.com
2025-04-09 08:29:51.988 [http-nio-8080-exec-6] INFO  l.i.b.controller.SettingsController - Successfully retrieved account settings for user: dilsarathiranjaya3@gmail.com
2025-04-09 08:29:51.996 [http-nio-8080-exec-1] INFO  l.i.b.controller.ProfileController - Successfully retrieved profile info for user: dilsarathiranjaya3@gmail.com
2025-04-09 08:30:10.924 [http-nio-8080-exec-9] INFO  l.i.b.controller.SettingsController - Received account settings fetch request for user: dilsarathiranjaya3@gmail.com
2025-04-09 08:30:10.946 [http-nio-8080-exec-9] INFO  l.i.b.controller.SettingsController - Successfully retrieved account settings for user: dilsarathiranjaya3@gmail.com
2025-04-09 08:30:10.961 [http-nio-8080-exec-5] INFO  l.i.b.controller.ProfileController - Received profile info fetch request for user: dilsarathiranjaya3@gmail.com
2025-04-09 08:30:10.981 [http-nio-8080-exec-5] INFO  l.i.b.controller.ProfileController - Successfully retrieved profile info for user: dilsarathiranjaya3@gmail.com
2025-04-09 08:30:46.346 [http-nio-8080-exec-3] INFO  l.i.b.controller.ProfileController - Received profile info fetch request for user: dilsarathiranjaya3@gmail.com
2025-04-09 08:30:46.346 [http-nio-8080-exec-10] INFO  l.i.b.c.FriendshipController - Retrieving friends for user: dilsarathiranjaya3@gmail.com
2025-04-09 08:30:46.360 [http-nio-8080-exec-8] INFO  l.i.b.c.FriendshipController - Retrieving friendship counts for user: dilsarathiranjaya3@gmail.com
2025-04-09 08:30:46.363 [http-nio-8080-exec-10] INFO  l.i.b.c.FriendshipController - Retrieved 2 friends for user: dilsarathiranjaya3@gmail.com
2025-04-09 08:30:46.363 [http-nio-8080-exec-3] INFO  l.i.b.controller.ProfileController - Successfully retrieved profile info for user: dilsarathiranjaya3@gmail.com
2025-04-09 08:30:46.379 [http-nio-8080-exec-5] INFO  l.i.b.c.FriendshipController - Retrieving friend suggestions for user: dilsarathiranjaya3@gmail.com
2025-04-09 08:30:46.379 [http-nio-8080-exec-9] INFO  l.i.b.c.FriendshipController - Retrieving friend requests for user: dilsarathiranjaya3@gmail.com
2025-04-09 08:30:46.379 [http-nio-8080-exec-8] INFO  l.i.b.c.FriendshipController - Retrieved friendship counts for user: dilsarathiranjaya3@gmail.com
2025-04-09 08:30:46.392 [http-nio-8080-exec-9] INFO  l.i.b.c.FriendshipController - Retrieved 0 friend requests for user: dilsarathiranjaya3@gmail.com
2025-04-09 08:30:46.392 [http-nio-8080-exec-5] INFO  l.i.b.c.FriendshipController - Retrieved 0 friend suggestions for user: dilsarathiranjaya3@gmail.com
2025-04-09 08:31:03.328 [http-nio-8080-exec-1] INFO  l.i.b.c.FriendshipController - Blocking user: 3
2025-04-09 08:31:03.328 [http-nio-8080-exec-1] WARN  o.h.p.entity.AbstractEntityPersister - HHH000502: The [user1] property of the [lk.ijse.backend.entity.Friendship] entity was modified, but it won't be updated because the property is immutable.
2025-04-09 08:31:03.341 [http-nio-8080-exec-1] WARN  o.h.p.entity.AbstractEntityPersister - HHH000502: The [user2] property of the [lk.ijse.backend.entity.Friendship] entity was modified, but it won't be updated because the property is immutable.
2025-04-09 08:31:03.345 [http-nio-8080-exec-1] INFO  l.i.b.c.FriendshipController - User blocked successfully: 3
2025-04-09 08:31:03.362 [http-nio-8080-exec-7] INFO  l.i.b.c.FriendshipController - Retrieving friendship counts for user: dilsarathiranjaya3@gmail.com
2025-04-09 08:31:03.385 [http-nio-8080-exec-7] INFO  l.i.b.c.FriendshipController - Retrieved friendship counts for user: dilsarathiranjaya3@gmail.com
2025-04-09 08:31:12.779 [http-nio-8080-exec-8] INFO  l.i.b.controller.SettingsController - Received account settings fetch request for user: dilsarathiranjaya3@gmail.com
2025-04-09 08:31:12.789 [http-nio-8080-exec-8] INFO  l.i.b.controller.SettingsController - Successfully retrieved account settings for user: dilsarathiranjaya3@gmail.com
2025-04-09 08:31:12.794 [http-nio-8080-exec-3] INFO  l.i.b.controller.ProfileController - Received profile info fetch request for user: dilsarathiranjaya3@gmail.com
2025-04-09 08:31:12.809 [http-nio-8080-exec-3] INFO  l.i.b.controller.ProfileController - Successfully retrieved profile info for user: dilsarathiranjaya3@gmail.com
2025-04-09 08:31:14.228 [http-nio-8080-exec-5] INFO  l.i.b.controller.SettingsController - Fetching blocked users for user: dilsarathiranjaya3@gmail.com
2025-04-09 08:31:14.240 [http-nio-8080-exec-5] INFO  l.i.b.controller.SettingsController - Successfully retrieved blocked users for: dilsarathiranjaya3@gmail.com
2025-04-09 08:31:18.050 [http-nio-8080-exec-1] INFO  l.i.b.controller.SettingsController - Received account settings fetch request for user: dilsarathiranjaya3@gmail.com
2025-04-09 08:31:18.066 [http-nio-8080-exec-7] INFO  l.i.b.controller.ProfileController - Received profile info fetch request for user: dilsarathiranjaya3@gmail.com
2025-04-09 08:31:18.066 [http-nio-8080-exec-1] INFO  l.i.b.controller.SettingsController - Successfully retrieved account settings for user: dilsarathiranjaya3@gmail.com
2025-04-09 08:31:18.082 [http-nio-8080-exec-7] INFO  l.i.b.controller.ProfileController - Successfully retrieved profile info for user: dilsarathiranjaya3@gmail.com
2025-04-09 08:31:19.979 [http-nio-8080-exec-10] INFO  l.i.b.controller.SettingsController - Fetching blocked users for user: dilsarathiranjaya3@gmail.com
2025-04-09 08:31:19.991 [http-nio-8080-exec-10] INFO  l.i.b.controller.SettingsController - Successfully retrieved blocked users for: dilsarathiranjaya3@gmail.com
2025-04-09 08:31:33.200 [http-nio-8080-exec-1] INFO  l.i.b.c.FriendshipController - Retrieving friend requests for user: dilsarathiranjaya3@gmail.com
2025-04-09 08:31:33.202 [http-nio-8080-exec-1] INFO  l.i.b.c.FriendshipController - Retrieved 0 friend requests for user: dilsarathiranjaya3@gmail.com
2025-04-09 08:31:33.216 [http-nio-8080-exec-2] INFO  l.i.b.c.FriendshipController - Retrieving friend suggestions for user: dilsarathiranjaya3@gmail.com
2025-04-09 08:31:33.216 [http-nio-8080-exec-7] INFO  l.i.b.c.FriendshipController - Retrieving friends for user: dilsarathiranjaya3@gmail.com
2025-04-09 08:31:33.225 [http-nio-8080-exec-2] INFO  l.i.b.c.FriendshipController - Retrieved 0 friend suggestions for user: dilsarathiranjaya3@gmail.com
2025-04-09 08:31:33.225 [http-nio-8080-exec-7] INFO  l.i.b.c.FriendshipController - Retrieved 1 friends for user: dilsarathiranjaya3@gmail.com
2025-04-09 08:31:33.241 [http-nio-8080-exec-6] INFO  l.i.b.controller.ProfileController - Received profile info fetch request for user: dilsarathiranjaya3@gmail.com
2025-04-09 08:31:33.241 [http-nio-8080-exec-10] INFO  l.i.b.c.FriendshipController - Retrieving friendship counts for user: dilsarathiranjaya3@gmail.com
2025-04-09 08:31:33.258 [http-nio-8080-exec-6] INFO  l.i.b.controller.ProfileController - Successfully retrieved profile info for user: dilsarathiranjaya3@gmail.com
2025-04-09 08:31:33.277 [http-nio-8080-exec-10] INFO  l.i.b.c.FriendshipController - Retrieved friendship counts for user: dilsarathiranjaya3@gmail.com
2025-04-09 08:31:38.774 [http-nio-8080-exec-8] INFO  l.i.b.c.FriendshipController - Blocking user: 2
2025-04-09 08:31:38.775 [http-nio-8080-exec-8] INFO  l.i.b.c.FriendshipController - User blocked successfully: 2
2025-04-09 08:31:38.792 [http-nio-8080-exec-5] INFO  l.i.b.c.FriendshipController - Retrieving friendship counts for user: dilsarathiranjaya3@gmail.com
2025-04-09 08:31:38.809 [http-nio-8080-exec-5] INFO  l.i.b.c.FriendshipController - Retrieved friendship counts for user: dilsarathiranjaya3@gmail.com
2025-04-09 08:31:41.515 [http-nio-8080-exec-2] INFO  l.i.b.controller.ProfileController - Received profile info fetch request for user: dilsarathiranjaya3@gmail.com
2025-04-09 08:31:41.531 [http-nio-8080-exec-7] INFO  l.i.b.controller.SettingsController - Received account settings fetch request for user: dilsarathiranjaya3@gmail.com
2025-04-09 08:31:41.531 [http-nio-8080-exec-2] INFO  l.i.b.controller.ProfileController - Successfully retrieved profile info for user: dilsarathiranjaya3@gmail.com
2025-04-09 08:31:41.544 [http-nio-8080-exec-7] INFO  l.i.b.controller.SettingsController - Successfully retrieved account settings for user: dilsarathiranjaya3@gmail.com
2025-04-09 08:31:42.742 [http-nio-8080-exec-10] INFO  l.i.b.controller.SettingsController - Fetching blocked users for user: dilsarathiranjaya3@gmail.com
2025-04-09 08:31:42.742 [http-nio-8080-exec-10] INFO  l.i.b.controller.SettingsController - Successfully retrieved blocked users for: dilsarathiranjaya3@gmail.com
2025-04-09 08:31:56.607 [http-nio-8080-exec-8] INFO  l.i.b.c.FriendshipController - Unblocking user: 2
2025-04-09 08:31:56.637 [http-nio-8080-exec-8] INFO  l.i.b.c.FriendshipController - User unblocked successfully: 2
2025-04-09 08:32:01.273 [http-nio-8080-exec-7] INFO  l.i.b.c.FriendshipController - Retrieving friend requests for user: dilsarathiranjaya3@gmail.com
2025-04-09 08:32:01.273 [http-nio-8080-exec-7] INFO  l.i.b.c.FriendshipController - Retrieved 0 friend requests for user: dilsarathiranjaya3@gmail.com
2025-04-09 08:32:01.288 [http-nio-8080-exec-10] INFO  l.i.b.c.FriendshipController - Retrieving friend suggestions for user: dilsarathiranjaya3@gmail.com
2025-04-09 08:32:01.294 [http-nio-8080-exec-6] INFO  l.i.b.c.FriendshipController - Retrieving friends for user: dilsarathiranjaya3@gmail.com
2025-04-09 08:32:01.294 [http-nio-8080-exec-10] INFO  l.i.b.c.FriendshipController - Retrieved 1 friend suggestions for user: dilsarathiranjaya3@gmail.com
2025-04-09 08:32:01.305 [http-nio-8080-exec-6] INFO  l.i.b.c.FriendshipController - Retrieved 0 friends for user: dilsarathiranjaya3@gmail.com
2025-04-09 08:32:01.306 [http-nio-8080-exec-3] INFO  l.i.b.controller.ProfileController - Received profile info fetch request for user: dilsarathiranjaya3@gmail.com
2025-04-09 08:32:01.306 [http-nio-8080-exec-8] INFO  l.i.b.c.FriendshipController - Retrieving friendship counts for user: dilsarathiranjaya3@gmail.com
2025-04-09 08:32:01.331 [http-nio-8080-exec-3] INFO  l.i.b.controller.ProfileController - Successfully retrieved profile info for user: dilsarathiranjaya3@gmail.com
2025-04-09 08:32:01.336 [http-nio-8080-exec-8] INFO  l.i.b.c.FriendshipController - Retrieved friendship counts for user: dilsarathiranjaya3@gmail.com
2025-04-09 08:32:05.374 [http-nio-8080-exec-5] INFO  l.i.b.c.FriendshipController - Sending friend request from user: dilsarathiranjaya3@gmail.com to user: 2
2025-04-09 08:32:05.848 [http-nio-8080-exec-5] INFO  l.i.b.c.FriendshipController - Friend request sent successfully from user: dilsarathiranjaya3@gmail.com to user: 2
2025-04-09 08:32:20.104 [http-nio-8080-exec-4] INFO  l.i.b.controller.SearchController - Received request to search for email: dilsarathiranjaya3@gmail.com
2025-04-09 08:32:20.120 [http-nio-8080-exec-4] INFO  l.i.b.controller.SearchController - Successfully searched for email: dilsarathiranjaya3@gmail.com
2025-04-09 08:32:20.613 [http-nio-8080-exec-7] INFO  l.i.b.controller.SearchController - Received request to search for email: dilsarathiranjaya3@gmail.com
2025-04-09 08:32:20.622 [http-nio-8080-exec-7] INFO  l.i.b.controller.SearchController - Successfully searched for email: dilsarathiranjaya3@gmail.com
2025-04-09 08:32:26.740 [http-nio-8080-exec-6] INFO  l.i.b.controller.SearchController - Received request to search for email: dilsarathiranjaya3@gmail.com
2025-04-09 08:32:26.803 [http-nio-8080-exec-6] INFO  l.i.b.controller.SearchController - Successfully searched for email: dilsarathiranjaya3@gmail.com
2025-04-09 08:32:37.686 [http-nio-8080-exec-8] INFO  l.i.b.controller.SearchController - Received request to search for email: dilsarathiranjaya3@gmail.com
2025-04-09 08:32:37.701 [http-nio-8080-exec-8] INFO  l.i.b.controller.SearchController - Successfully searched for email: dilsarathiranjaya3@gmail.com
2025-04-09 08:32:38.153 [http-nio-8080-exec-5] INFO  l.i.b.controller.SearchController - Received request to search for email: dilsarathiranjaya3@gmail.com
2025-04-09 08:32:38.169 [http-nio-8080-exec-5] INFO  l.i.b.controller.SearchController - Successfully searched for email: dilsarathiranjaya3@gmail.com
2025-04-09 08:32:40.098 [http-nio-8080-exec-1] INFO  l.i.b.controller.ProfileController - Received user profile info fetch request for user: 2
2025-04-09 08:32:40.107 [http-nio-8080-exec-3] INFO  l.i.b.controller.ProfileController - Received request to get posts for user: 2
2025-04-09 08:32:40.135 [http-nio-8080-exec-1] INFO  l.i.b.controller.ProfileController - Successfully retrieved user profile info for user: 2
2025-04-09 08:32:40.139 [http-nio-8080-exec-5] INFO  l.i.b.c.FriendshipController - Retrieving friends for user: 2
2025-04-09 08:32:40.155 [http-nio-8080-exec-5] INFO  l.i.b.c.FriendshipController - Retrieved 1 friends for user: 2
2025-04-09 08:32:40.172 [http-nio-8080-exec-2] INFO  l.i.b.c.FriendshipController - Checking friendship between users: dilsarathiranjaya3@gmail.com and 2
2025-04-09 08:32:40.172 [http-nio-8080-exec-3] INFO  l.i.b.controller.ProfileController - Successfully retrieved posts for user: 2
2025-04-09 08:32:40.177 [http-nio-8080-exec-4] INFO  l.i.b.controller.ProfileController - Received profile info fetch request for user: dilsarathiranjaya3@gmail.com
2025-04-09 08:32:40.180 [http-nio-8080-exec-2] INFO  l.i.b.c.FriendshipController - Friendship checked successfully between users: dilsarathiranjaya3@gmail.com and 2
2025-04-09 08:32:40.195 [http-nio-8080-exec-4] INFO  l.i.b.controller.ProfileController - Successfully retrieved profile info for user: dilsarathiranjaya3@gmail.com
2025-04-09 08:32:40.205 [http-nio-8080-exec-7] INFO  l.i.b.controller.ProfileController - Received request to get posts for user: 2
2025-04-09 08:32:40.246 [http-nio-8080-exec-7] INFO  l.i.b.controller.ProfileController - Successfully retrieved posts for user: 2
2025-04-09 08:32:40.254 [http-nio-8080-exec-10] INFO  l.i.b.controller.ProfileController - Received request to get posts for user: 2
2025-04-09 08:32:40.286 [http-nio-8080-exec-10] INFO  l.i.b.controller.ProfileController - Successfully retrieved posts for user: 2
2025-04-09 08:32:53.236 [http-nio-8080-exec-8] INFO  l.i.b.c.FriendshipController - Retrieving friends for user: 2
2025-04-09 08:32:53.248 [http-nio-8080-exec-8] INFO  l.i.b.c.FriendshipController - Retrieved 1 friends for user: 2
2025-04-09 08:32:55.069 [http-nio-8080-exec-1] INFO  l.i.b.controller.ProfileController - Received request to get posts for user: 2
2025-04-09 08:32:55.099 [http-nio-8080-exec-1] INFO  l.i.b.controller.ProfileController - Successfully retrieved posts for user: 2
2025-04-09 08:33:06.318 [http-nio-8080-exec-3] INFO  l.i.b.controller.ProfileController - Received request to get posts for user: 2
2025-04-09 08:33:06.341 [http-nio-8080-exec-3] INFO  l.i.b.controller.ProfileController - Successfully retrieved posts for user: 2
2025-04-09 08:33:19.312 [http-nio-8080-exec-4] INFO  l.i.b.controller.TimelineController - Received request to get posts for email: dilsarathiranjaya3@gmail.com
2025-04-09 08:33:19.335 [http-nio-8080-exec-10] INFO  l.i.b.controller.ProfileController - Received profile info fetch request for user: dilsarathiranjaya3@gmail.com
2025-04-09 08:33:19.348 [http-nio-8080-exec-10] INFO  l.i.b.controller.ProfileController - Successfully retrieved profile info for user: dilsarathiranjaya3@gmail.com
2025-04-09 08:33:19.400 [http-nio-8080-exec-4] INFO  l.i.b.controller.TimelineController - Successfully retrieved posts for email: dilsarathiranjaya3@gmail.com
2025-04-09 08:34:15.495 [http-nio-8080-exec-5] INFO  l.i.b.controller.AuthController - Received sign-in request for email: dilsarathiranjaya3@gmail.com
2025-04-09 08:34:15.578 [http-nio-8080-exec-5] INFO  l.i.b.controller.AuthController - User successfully signed in with email: dilsarathiranjaya3@gmail.com
2025-04-09 08:34:15.578 [http-nio-8080-exec-3] INFO  l.i.b.controller.AuthController - Checking 2FA status for email: dilsarathiranjaya3@gmail.com
2025-04-09 08:34:15.685 [http-nio-8080-exec-10] INFO  l.i.b.controller.TimelineController - Received request to get posts for email: dilsarathiranjaya3@gmail.com
2025-04-09 08:34:15.704 [http-nio-8080-exec-4] INFO  l.i.b.controller.ProfileController - Received profile info fetch request for user: dilsarathiranjaya3@gmail.com
2025-04-09 08:34:15.710 [http-nio-8080-exec-4] INFO  l.i.b.controller.ProfileController - Successfully retrieved profile info for user: dilsarathiranjaya3@gmail.com
2025-04-09 08:34:15.776 [http-nio-8080-exec-10] INFO  l.i.b.controller.TimelineController - Successfully retrieved posts for email: dilsarathiranjaya3@gmail.com
2025-04-09 08:34:20.614 [http-nio-8080-exec-6] INFO  l.i.b.controller.ProfileController - Received profile info fetch request for user: dilsarathiranjaya3@gmail.com
2025-04-09 08:34:20.621 [http-nio-8080-exec-9] INFO  l.i.b.controller.SettingsController - Received account settings fetch request for user: dilsarathiranjaya3@gmail.com
2025-04-09 08:34:20.627 [http-nio-8080-exec-6] INFO  l.i.b.controller.ProfileController - Successfully retrieved profile info for user: dilsarathiranjaya3@gmail.com
2025-04-09 08:34:20.627 [http-nio-8080-exec-9] INFO  l.i.b.controller.SettingsController - Successfully retrieved account settings for user: dilsarathiranjaya3@gmail.com
2025-04-09 08:35:23.322 [http-nio-8080-exec-4] INFO  l.i.b.controller.ProfileController - Received profile info fetch request for user: dilsarathiranjaya3@gmail.com
2025-04-09 08:35:23.322 [http-nio-8080-exec-7] INFO  l.i.b.c.NotificationController - Fetching notifications for user: dilsarathiranjaya3@gmail.com, type: null
2025-04-09 08:35:23.322 [http-nio-8080-exec-4] INFO  l.i.b.controller.ProfileController - Successfully retrieved profile info for user: dilsarathiranjaya3@gmail.com
2025-04-09 08:35:23.341 [http-nio-8080-exec-7] INFO  l.i.b.c.NotificationController - Successfully fetched 13 notifications
2025-04-09 08:35:31.590 [http-nio-8080-exec-8] INFO  l.i.b.controller.SearchController - Received request to search for email: dilsarathiranjaya3@gmail.com
2025-04-09 08:35:31.653 [http-nio-8080-exec-8] INFO  l.i.b.controller.SearchController - Successfully searched for email: dilsarathiranjaya3@gmail.com
2025-04-09 08:35:36.392 [http-nio-8080-exec-5] INFO  l.i.b.controller.ProfileController - Received profile info fetch request for user: dilsarathiranjaya3@gmail.com
2025-04-09 08:35:36.394 [http-nio-8080-exec-1] INFO  l.i.b.controller.TimelineController - Received request to get posts for email: dilsarathiranjaya3@gmail.com
2025-04-09 08:35:36.404 [http-nio-8080-exec-5] INFO  l.i.b.controller.ProfileController - Successfully retrieved profile info for user: dilsarathiranjaya3@gmail.com
2025-04-09 08:35:36.463 [http-nio-8080-exec-1] INFO  l.i.b.controller.TimelineController - Successfully retrieved posts for email: dilsarathiranjaya3@gmail.com
2025-04-09 08:37:11.383 [http-nio-8080-exec-9] INFO  l.i.b.controller.ProfileController - Received profile info fetch request for user: dilsarathiranjaya3@gmail.com
2025-04-09 08:37:11.390 [http-nio-8080-exec-5] INFO  l.i.b.controller.ProfileController - Received request to get posts for email: dilsarathiranjaya3@gmail.com
2025-04-09 08:37:11.395 [http-nio-8080-exec-9] INFO  l.i.b.controller.ProfileController - Successfully retrieved profile info for user: dilsarathiranjaya3@gmail.com
2025-04-09 08:37:11.403 [http-nio-8080-exec-1] INFO  l.i.b.c.FriendshipController - Retrieving friends for user: dilsarathiranjaya3@gmail.com
2025-04-09 08:37:11.407 [http-nio-8080-exec-1] INFO  l.i.b.c.FriendshipController - Retrieved 0 friends for user: dilsarathiranjaya3@gmail.com
2025-04-09 08:37:11.461 [http-nio-8080-exec-5] INFO  l.i.b.controller.ProfileController - Successfully retrieved posts for email: dilsarathiranjaya3@gmail.com
2025-04-09 08:37:11.471 [http-nio-8080-exec-2] INFO  l.i.b.controller.ProfileController - Received request to get posts for email: dilsarathiranjaya3@gmail.com
2025-04-09 08:37:11.552 [http-nio-8080-exec-2] INFO  l.i.b.controller.ProfileController - Successfully retrieved posts for email: dilsarathiranjaya3@gmail.com
2025-04-09 08:37:11.562 [http-nio-8080-exec-3] INFO  l.i.b.controller.ProfileController - Received request to get posts for email: dilsarathiranjaya3@gmail.com
2025-04-09 08:37:11.614 [http-nio-8080-exec-3] INFO  l.i.b.controller.ProfileController - Successfully retrieved posts for email: dilsarathiranjaya3@gmail.com
2025-04-09 08:37:20.078 [http-nio-8080-exec-7] INFO  l.i.b.controller.ProfileController - Received request to get post with ID: 7
2025-04-09 08:37:20.084 [http-nio-8080-exec-7] INFO  l.i.b.controller.ProfileController - Successfully retrieved post with ID: 7
2025-04-09 08:37:30.769 [http-nio-8080-exec-9] INFO  l.i.b.controller.ProfileController - Received profile info fetch request for user: dilsarathiranjaya3@gmail.com
2025-04-09 08:37:30.769 [http-nio-8080-exec-6] INFO  l.i.b.c.NotificationController - Fetching notifications for user: dilsarathiranjaya3@gmail.com, type: null
2025-04-09 08:37:30.782 [http-nio-8080-exec-9] INFO  l.i.b.controller.ProfileController - Successfully retrieved profile info for user: dilsarathiranjaya3@gmail.com
2025-04-09 08:37:30.791 [http-nio-8080-exec-6] INFO  l.i.b.c.NotificationController - Successfully fetched 13 notifications
2025-04-09 08:37:38.277 [http-nio-8080-exec-5] INFO  l.i.b.c.NotificationController - Fetching unread notifications for user: dilsarathiranjaya3@gmail.com, type: null
2025-04-09 08:37:38.294 [http-nio-8080-exec-5] INFO  l.i.b.c.NotificationController - Successfully fetched 0 unread notifications
2025-04-09 08:37:39.793 [http-nio-8080-exec-3] INFO  l.i.b.c.NotificationController - Fetching notifications for user: dilsarathiranjaya3@gmail.com, type: null
2025-04-09 08:37:39.810 [http-nio-8080-exec-3] INFO  l.i.b.c.NotificationController - Successfully fetched 13 notifications
2025-04-09 08:37:49.547 [http-nio-8080-exec-7] INFO  l.i.b.c.FriendshipController - Retrieving friends for user: dilsarathiranjaya3@gmail.com
2025-04-09 08:37:49.548 [http-nio-8080-exec-9] INFO  l.i.b.c.FriendshipController - Retrieving friend suggestions for user: dilsarathiranjaya3@gmail.com
2025-04-09 08:37:49.551 [http-nio-8080-exec-8] INFO  l.i.b.c.FriendshipController - Retrieving friend requests for user: dilsarathiranjaya3@gmail.com
2025-04-09 08:37:49.552 [http-nio-8080-exec-7] INFO  l.i.b.c.FriendshipController - Retrieved 0 friends for user: dilsarathiranjaya3@gmail.com
2025-04-09 08:37:49.553 [http-nio-8080-exec-9] INFO  l.i.b.c.FriendshipController - Retrieved 0 friend suggestions for user: dilsarathiranjaya3@gmail.com
2025-04-09 08:37:49.556 [http-nio-8080-exec-8] INFO  l.i.b.c.FriendshipController - Retrieved 0 friend requests for user: dilsarathiranjaya3@gmail.com
2025-04-09 08:37:49.557 [http-nio-8080-exec-1] INFO  l.i.b.controller.ProfileController - Received profile info fetch request for user: dilsarathiranjaya3@gmail.com
2025-04-09 08:37:49.557 [http-nio-8080-exec-6] INFO  l.i.b.c.FriendshipController - Retrieving friendship counts for user: dilsarathiranjaya3@gmail.com
2025-04-09 08:37:49.557 [http-nio-8080-exec-1] INFO  l.i.b.controller.ProfileController - Successfully retrieved profile info for user: dilsarathiranjaya3@gmail.com
2025-04-09 08:37:49.575 [http-nio-8080-exec-6] INFO  l.i.b.c.FriendshipController - Retrieved friendship counts for user: dilsarathiranjaya3@gmail.com
2025-04-09 08:37:53.849 [http-nio-8080-exec-10] INFO  l.i.b.controller.TimelineController - Received request to get posts for email: dilsarathiranjaya3@gmail.com
2025-04-09 08:37:53.850 [http-nio-8080-exec-7] INFO  l.i.b.controller.ProfileController - Received profile info fetch request for user: dilsarathiranjaya3@gmail.com
2025-04-09 08:37:53.864 [http-nio-8080-exec-7] INFO  l.i.b.controller.ProfileController - Successfully retrieved profile info for user: dilsarathiranjaya3@gmail.com
2025-04-09 08:37:53.941 [http-nio-8080-exec-10] INFO  l.i.b.controller.TimelineController - Successfully retrieved posts for email: dilsarathiranjaya3@gmail.com
2025-04-09 08:38:00.724 [SpringApplicationShutdownHook] INFO  o.s.b.w.e.tomcat.GracefulShutdown - Commencing graceful shutdown. Waiting for active requests to complete
2025-04-09 08:38:00.733 [tomcat-shutdown] INFO  o.s.b.w.e.tomcat.GracefulShutdown - Graceful shutdown complete
2025-04-09 08:38:00.733 [SpringApplicationShutdownHook] INFO  o.s.o.j.LocalContainerEntityManagerFactoryBean - Closing JPA EntityManagerFactory for persistence unit 'default'
2025-04-09 08:38:00.741 [SpringApplicationShutdownHook] INFO  com.zaxxer.hikari.HikariDataSource - HikariPool-1 - Shutdown initiated...
2025-04-09 08:38:00.741 [SpringApplicationShutdownHook] INFO  com.zaxxer.hikari.HikariDataSource - HikariPool-1 - Shutdown completed.
2025-04-09 09:08:46.929 [background-preinit] INFO  o.h.validator.internal.util.Version - HV000001: Hibernate Validator 8.0.2.Final
2025-04-09 09:08:46.994 [main] INFO  lk.ijse.backend.BackEndApplication - Starting BackEndApplication using Java 21.0.1 with PID 8728 (C:\Users\TRON\Documents\IdeaProjects\AAD\Spring\Luma-Social-Media-Platform\Back-end\target\classes started by TRON in C:\Users\TRON\Documents\IdeaProjects\AAD\Spring\Luma-Social-Media-Platform)
2025-04-09 09:08:46.995 [main] INFO  lk.ijse.backend.BackEndApplication - No active profile set, falling back to 1 default profile: "default"
2025-04-09 09:08:47.802 [main] INFO  o.s.c.i.s.PropertySourceProcessor - Properties location [classpath:otherprops.properties] not resolvable: class path resource [otherprops.properties] cannot be opened because it does not exist
2025-04-09 09:08:48.880 [main] INFO  o.s.d.r.c.RepositoryConfigurationDelegate - Bootstrapping Spring Data JPA repositories in DEFAULT mode.
2025-04-09 09:08:49.040 [main] INFO  o.s.d.r.c.RepositoryConfigurationDelegate - Finished Spring Data repository scanning in 124 ms. Found 10 JPA repository interfaces.
2025-04-09 09:08:50.102 [main] INFO  o.s.b.w.e.tomcat.TomcatWebServer - Tomcat initialized with port 8080 (http)
2025-04-09 09:08:50.118 [main] INFO  o.a.coyote.http11.Http11NioProtocol - Initializing ProtocolHandler ["http-nio-8080"]
2025-04-09 09:08:50.121 [main] INFO  o.a.catalina.core.StandardService - Starting service [Tomcat]
2025-04-09 09:08:50.121 [main] INFO  o.a.catalina.core.StandardEngine - Starting Servlet engine: [Apache Tomcat/10.1.36]
2025-04-09 09:08:50.217 [main] INFO  o.a.c.c.C.[Tomcat].[localhost].[/] - Initializing Spring embedded WebApplicationContext
2025-04-09 09:08:50.217 [main] INFO  o.s.b.w.s.c.ServletWebServerApplicationContext - Root WebApplicationContext: initialization completed in 3157 ms
2025-04-09 09:08:50.489 [main] INFO  o.h.jpa.internal.util.LogHelper - HHH000204: Processing PersistenceUnitInfo [name: default]
2025-04-09 09:08:50.564 [main] INFO  org.hibernate.Version - HHH000412: Hibernate ORM core version 6.6.8.Final
2025-04-09 09:08:50.617 [main] INFO  o.h.c.i.RegionFactoryInitiator - HHH000026: Second-level cache disabled
2025-04-09 09:08:51.052 [main] INFO  o.s.o.j.p.SpringPersistenceUnitInfo - No LoadTimeWeaver setup: ignoring JPA class transformer
2025-04-09 09:08:51.094 [main] INFO  com.zaxxer.hikari.HikariDataSource - HikariPool-1 - Starting...
2025-04-09 09:08:51.653 [main] INFO  com.zaxxer.hikari.pool.HikariPool - HikariPool-1 - Added connection com.mysql.cj.jdbc.ConnectionImpl@73958426
2025-04-09 09:08:51.656 [main] INFO  com.zaxxer.hikari.HikariDataSource - HikariPool-1 - Start completed.
2025-04-09 09:08:51.708 [main] WARN  org.hibernate.orm.deprecation - HHH90000025: MySQL8Dialect does not need to be specified explicitly using 'hibernate.dialect' (remove the property setting and it will be selected by default)
2025-04-09 09:08:51.709 [main] WARN  org.hibernate.orm.deprecation - HHH90000026: MySQL8Dialect has been deprecated; use org.hibernate.dialect.MySQLDialect instead
2025-04-09 09:08:51.730 [main] INFO  o.hibernate.orm.connections.pooling - HHH10001005: Database info:
	Database JDBC URL [Connecting through datasource 'HikariDataSource (HikariPool-1)']
	Database driver: undefined/unknown
	Database version: 8.0
	Autocommit mode: undefined/unknown
	Isolation level: undefined/unknown
	Minimum pool size: undefined/unknown
	Maximum pool size: undefined/unknown
2025-04-09 09:08:53.712 [main] INFO  o.h.e.t.j.p.i.JtaPlatformInitiator - HHH000489: No JTA platform available (set 'hibernate.transaction.jta.platform' to enable JTA platform integration)
2025-04-09 09:08:53.961 [main] INFO  o.s.o.j.LocalContainerEntityManagerFactoryBean - Initialized JPA EntityManagerFactory for persistence unit 'default'
2025-04-09 09:08:54.365 [main] INFO  o.s.d.j.r.query.QueryEnhancerFactory - Hibernate is in classpath; If applicable, HQL parser will be used.
2025-04-09 09:08:56.420 [main] INFO  o.s.s.c.a.a.c.InitializeUserDetailsBeanManagerConfigurer$InitializeUserDetailsManagerConfigurer - Global AuthenticationManager configured with UserDetailsService bean with name userServiceImpl
2025-04-09 09:09:04.772 [main] INFO  o.a.coyote.http11.Http11NioProtocol - Starting ProtocolHandler ["http-nio-8080"]
2025-04-09 09:09:04.789 [main] INFO  o.s.b.w.e.tomcat.TomcatWebServer - Tomcat started on port 8080 (http) with context path '/'
2025-04-09 09:09:04.800 [main] INFO  lk.ijse.backend.BackEndApplication - Started BackEndApplication in 18.73 seconds (process running for 20.782)
2025-04-09 09:09:17.792 [http-nio-8080-exec-1] INFO  o.a.c.c.C.[Tomcat].[localhost].[/] - Initializing Spring DispatcherServlet 'dispatcherServlet'
2025-04-09 09:09:17.792 [http-nio-8080-exec-1] INFO  o.s.web.servlet.DispatcherServlet - Initializing Servlet 'dispatcherServlet'
2025-04-09 09:09:17.792 [http-nio-8080-exec-1] INFO  o.s.web.servlet.DispatcherServlet - Completed initialization in 0 ms
2025-04-09 09:09:17.925 [http-nio-8080-exec-2] INFO  l.i.b.controller.AuthController - Received sign-in request for email: dilsarathiranjaya3@gmail.com
2025-04-09 09:09:18.323 [http-nio-8080-exec-2] INFO  l.i.b.controller.AuthController - User successfully signed in with email: dilsarathiranjaya3@gmail.com
2025-04-09 09:09:18.340 [http-nio-8080-exec-3] INFO  l.i.b.controller.AuthController - Checking 2FA status for email: dilsarathiranjaya3@gmail.com
2025-04-09 09:09:18.492 [http-nio-8080-exec-5] INFO  l.i.b.controller.TimelineController - Received request to get posts for email: dilsarathiranjaya3@gmail.com
2025-04-09 09:09:18.492 [http-nio-8080-exec-7] INFO  l.i.b.controller.ProfileController - Received profile info fetch request for user: dilsarathiranjaya3@gmail.com
2025-04-09 09:09:18.553 [http-nio-8080-exec-7] INFO  l.i.b.controller.ProfileController - Successfully retrieved profile info for user: dilsarathiranjaya3@gmail.com
2025-04-09 09:09:18.706 [http-nio-8080-exec-5] INFO  l.i.b.controller.TimelineController - Successfully retrieved posts for email: dilsarathiranjaya3@gmail.com
2025-04-09 09:09:38.398 [http-nio-8080-exec-9] INFO  l.i.b.controller.AuthController - Received sign-in request for email: dilsarathiranjaya4@gmail.com
2025-04-09 09:09:38.490 [http-nio-8080-exec-9] INFO  l.i.b.controller.AuthController - User successfully signed in with email: dilsarathiranjaya4@gmail.com
2025-04-09 09:09:38.506 [http-nio-8080-exec-10] INFO  l.i.b.controller.AuthController - Checking 2FA status for email: dilsarathiranjaya4@gmail.com
2025-04-09 09:09:38.591 [http-nio-8080-exec-3] INFO  l.i.b.controller.TimelineController - Received request to get posts for email: dilsarathiranjaya4@gmail.com
2025-04-09 09:09:38.595 [http-nio-8080-exec-4] INFO  l.i.b.controller.ProfileController - Received profile info fetch request for user: dilsarathiranjaya4@gmail.com
2025-04-09 09:09:38.615 [http-nio-8080-exec-4] INFO  l.i.b.controller.ProfileController - Successfully retrieved profile info for user: dilsarathiranjaya4@gmail.com
2025-04-09 09:09:38.722 [http-nio-8080-exec-3] INFO  l.i.b.controller.TimelineController - Successfully retrieved posts for email: dilsarathiranjaya4@gmail.com
2025-04-09 09:09:41.838 [http-nio-8080-exec-1] INFO  l.i.b.controller.ProfileController - Received profile info fetch request for user: dilsarathiranjaya3@gmail.com
2025-04-09 09:09:41.858 [http-nio-8080-exec-2] INFO  l.i.b.c.FriendshipController - Retrieving friendship counts for user: dilsarathiranjaya3@gmail.com
2025-04-09 09:09:41.874 [http-nio-8080-exec-1] INFO  l.i.b.controller.ProfileController - Successfully retrieved profile info for user: dilsarathiranjaya3@gmail.com
2025-04-09 09:09:41.891 [http-nio-8080-exec-10] INFO  l.i.b.c.FriendshipController - Retrieving friends for user: dilsarathiranjaya3@gmail.com
2025-04-09 09:09:41.898 [http-nio-8080-exec-10] INFO  l.i.b.c.FriendshipController - Retrieved 0 friends for user: dilsarathiranjaya3@gmail.com
2025-04-09 09:09:41.899 [http-nio-8080-exec-9] INFO  l.i.b.c.FriendshipController - Retrieving friend requests for user: dilsarathiranjaya3@gmail.com
2025-04-09 09:09:41.901 [http-nio-8080-exec-4] INFO  l.i.b.c.FriendshipController - Retrieving friend suggestions for user: dilsarathiranjaya3@gmail.com
2025-04-09 09:09:41.908 [http-nio-8080-exec-9] INFO  l.i.b.c.FriendshipController - Retrieved 0 friend requests for user: dilsarathiranjaya3@gmail.com
2025-04-09 09:09:41.916 [http-nio-8080-exec-2] INFO  l.i.b.c.FriendshipController - Retrieved friendship counts for user: dilsarathiranjaya3@gmail.com
2025-04-09 09:09:41.916 [http-nio-8080-exec-4] INFO  l.i.b.c.FriendshipController - Retrieved 0 friend suggestions for user: dilsarathiranjaya3@gmail.com
2025-04-09 09:09:44.395 [http-nio-8080-exec-3] INFO  l.i.b.c.FriendshipController - Retrieving friend requests for user: dilsarathiranjaya4@gmail.com
2025-04-09 09:09:44.397 [http-nio-8080-exec-6] INFO  l.i.b.c.FriendshipController - Retrieving friends for user: dilsarathiranjaya4@gmail.com
2025-04-09 09:09:44.408 [http-nio-8080-exec-3] INFO  l.i.b.c.FriendshipController - Retrieved 1 friend requests for user: dilsarathiranjaya4@gmail.com
2025-04-09 09:09:44.408 [http-nio-8080-exec-6] INFO  l.i.b.c.FriendshipController - Retrieved 1 friends for user: dilsarathiranjaya4@gmail.com
2025-04-09 09:09:44.408 [http-nio-8080-exec-8] INFO  l.i.b.c.FriendshipController - Retrieving friendship counts for user: dilsarathiranjaya4@gmail.com
2025-04-09 09:09:44.425 [http-nio-8080-exec-7] INFO  l.i.b.c.FriendshipController - Retrieving friend suggestions for user: dilsarathiranjaya4@gmail.com
2025-04-09 09:09:44.428 [http-nio-8080-exec-7] INFO  l.i.b.c.FriendshipController - Retrieved 0 friend suggestions for user: dilsarathiranjaya4@gmail.com
2025-04-09 09:09:44.448 [http-nio-8080-exec-1] INFO  l.i.b.controller.ProfileController - Received profile info fetch request for user: dilsarathiranjaya4@gmail.com
2025-04-09 09:09:44.449 [http-nio-8080-exec-8] INFO  l.i.b.c.FriendshipController - Retrieved friendship counts for user: dilsarathiranjaya4@gmail.com
2025-04-09 09:09:44.460 [http-nio-8080-exec-1] INFO  l.i.b.controller.ProfileController - Successfully retrieved profile info for user: dilsarathiranjaya4@gmail.com
2025-04-09 09:09:52.285 [http-nio-8080-exec-9] INFO  l.i.b.c.FriendshipController - Accepting friend request from user: dilsarathiranjaya4@gmail.com to user: 1
2025-04-09 09:09:52.319 [http-nio-8080-exec-9] INFO  l.i.b.c.FriendshipController - Friend request accepted from user: dilsarathiranjaya4@gmail.com to user: 1
2025-04-09 09:09:52.349 [http-nio-8080-exec-6] INFO  l.i.b.c.FriendshipController - Retrieving friends for user: dilsarathiranjaya4@gmail.com
2025-04-09 09:09:52.350 [http-nio-8080-exec-3] INFO  l.i.b.c.FriendshipController - Retrieving friendship counts for user: dilsarathiranjaya4@gmail.com
2025-04-09 09:09:52.366 [http-nio-8080-exec-6] INFO  l.i.b.c.FriendshipController - Retrieved 2 friends for user: dilsarathiranjaya4@gmail.com
2025-04-09 09:09:52.377 [http-nio-8080-exec-3] INFO  l.i.b.c.FriendshipController - Retrieved friendship counts for user: dilsarathiranjaya4@gmail.com
2025-04-09 09:09:55.288 [http-nio-8080-exec-8] INFO  l.i.b.controller.SettingsController - Received account settings fetch request for user: dilsarathiranjaya4@gmail.com
2025-04-09 09:09:55.289 [http-nio-8080-exec-1] INFO  l.i.b.controller.ProfileController - Received profile info fetch request for user: dilsarathiranjaya4@gmail.com
2025-04-09 09:09:55.303 [http-nio-8080-exec-8] INFO  l.i.b.controller.SettingsController - Successfully retrieved account settings for user: dilsarathiranjaya4@gmail.com
2025-04-09 09:09:55.306 [http-nio-8080-exec-1] INFO  l.i.b.controller.ProfileController - Successfully retrieved profile info for user: dilsarathiranjaya4@gmail.com
2025-04-09 09:09:56.774 [http-nio-8080-exec-9] INFO  l.i.b.controller.SettingsController - Fetching blocked users for user: dilsarathiranjaya4@gmail.com
2025-04-09 09:09:56.789 [http-nio-8080-exec-9] INFO  l.i.b.controller.SettingsController - Successfully retrieved blocked users for: dilsarathiranjaya4@gmail.com
2025-04-09 09:10:10.937 [http-nio-8080-exec-2] INFO  l.i.b.controller.AuthController - Received sign-in request for email: dilsarathiranjaya2@gmail.com
2025-04-09 09:10:11.042 [http-nio-8080-exec-2] INFO  l.i.b.controller.AuthController - User successfully signed in with email: dilsarathiranjaya2@gmail.com
2025-04-09 09:10:11.046 [http-nio-8080-exec-6] INFO  l.i.b.controller.AuthController - Checking 2FA status for email: dilsarathiranjaya2@gmail.com
2025-04-09 09:10:11.118 [http-nio-8080-exec-5] INFO  l.i.b.controller.TimelineController - Received request to get posts for email: dilsarathiranjaya2@gmail.com
2025-04-09 09:10:11.119 [http-nio-8080-exec-1] INFO  l.i.b.controller.ProfileController - Received profile info fetch request for user: dilsarathiranjaya2@gmail.com
2025-04-09 09:10:11.136 [http-nio-8080-exec-1] INFO  l.i.b.controller.ProfileController - Successfully retrieved profile info for user: dilsarathiranjaya2@gmail.com
2025-04-09 09:10:11.170 [http-nio-8080-exec-5] INFO  l.i.b.controller.TimelineController - Successfully retrieved posts for email: dilsarathiranjaya2@gmail.com
2025-04-09 09:10:14.785 [http-nio-8080-exec-10] INFO  l.i.b.controller.ProfileController - Received profile info fetch request for user: dilsarathiranjaya2@gmail.com
2025-04-09 09:10:14.788 [http-nio-8080-exec-9] INFO  l.i.b.controller.SettingsController - Received account settings fetch request for user: dilsarathiranjaya2@gmail.com
2025-04-09 09:10:14.796 [http-nio-8080-exec-9] INFO  l.i.b.controller.SettingsController - Successfully retrieved account settings for user: dilsarathiranjaya2@gmail.com
2025-04-09 09:10:14.800 [http-nio-8080-exec-10] INFO  l.i.b.controller.ProfileController - Successfully retrieved profile info for user: dilsarathiranjaya2@gmail.com
2025-04-09 09:10:16.037 [http-nio-8080-exec-2] INFO  l.i.b.controller.SettingsController - Fetching blocked users for user: dilsarathiranjaya2@gmail.com
2025-04-09 09:10:16.046 [http-nio-8080-exec-2] INFO  l.i.b.controller.SettingsController - Successfully retrieved blocked users for: dilsarathiranjaya2@gmail.com
2025-04-09 09:10:17.730 [http-nio-8080-exec-3] INFO  l.i.b.c.FriendshipController - Unblocking user: 1
2025-04-09 09:10:17.736 [http-nio-8080-exec-3] INFO  l.i.b.c.FriendshipController - User unblocked successfully: 1
2025-04-09 09:10:22.932 [http-nio-8080-exec-1] INFO  l.i.b.controller.TimelineController - Received request to get posts for email: dilsarathiranjaya3@gmail.com
2025-04-09 09:10:22.933 [http-nio-8080-exec-8] INFO  l.i.b.controller.ProfileController - Received profile info fetch request for user: dilsarathiranjaya3@gmail.com
2025-04-09 09:10:22.955 [http-nio-8080-exec-8] INFO  l.i.b.controller.ProfileController - Successfully retrieved profile info for user: dilsarathiranjaya3@gmail.com
2025-04-09 09:10:23.057 [http-nio-8080-exec-1] INFO  l.i.b.controller.TimelineController - Successfully retrieved posts for email: dilsarathiranjaya3@gmail.com
2025-04-09 09:10:27.212 [http-nio-8080-exec-10] INFO  l.i.b.controller.ProfileController - Received profile info fetch request for user: dilsarathiranjaya3@gmail.com
2025-04-09 09:10:27.219 [http-nio-8080-exec-9] INFO  l.i.b.c.FriendshipController - Retrieving friend requests for user: dilsarathiranjaya3@gmail.com
2025-04-09 09:10:27.223 [http-nio-8080-exec-7] INFO  l.i.b.c.FriendshipController - Retrieving friendship counts for user: dilsarathiranjaya3@gmail.com
2025-04-09 09:10:27.227 [http-nio-8080-exec-9] INFO  l.i.b.c.FriendshipController - Retrieved 0 friend requests for user: dilsarathiranjaya3@gmail.com
2025-04-09 09:10:27.230 [http-nio-8080-exec-10] INFO  l.i.b.controller.ProfileController - Successfully retrieved profile info for user: dilsarathiranjaya3@gmail.com
2025-04-09 09:10:27.252 [http-nio-8080-exec-3] INFO  l.i.b.c.FriendshipController - Retrieving friend suggestions for user: dilsarathiranjaya3@gmail.com
2025-04-09 09:10:27.254 [http-nio-8080-exec-7] INFO  l.i.b.c.FriendshipController - Retrieved friendship counts for user: dilsarathiranjaya3@gmail.com
2025-04-09 09:10:27.261 [http-nio-8080-exec-3] INFO  l.i.b.c.FriendshipController - Retrieved 1 friend suggestions for user: dilsarathiranjaya3@gmail.com
2025-04-09 09:10:27.268 [http-nio-8080-exec-6] INFO  l.i.b.c.FriendshipController - Retrieving friends for user: dilsarathiranjaya3@gmail.com
2025-04-09 09:10:27.279 [http-nio-8080-exec-6] INFO  l.i.b.c.FriendshipController - Retrieved 1 friends for user: dilsarathiranjaya3@gmail.com
2025-04-09 09:10:33.139 [http-nio-8080-exec-4] INFO  l.i.b.c.FriendshipController - Sending friend request from user: dilsarathiranjaya3@gmail.com to user: 3
2025-04-09 09:10:33.573 [http-nio-8080-exec-4] INFO  l.i.b.c.FriendshipController - Friend request sent successfully from user: dilsarathiranjaya3@gmail.com to user: 3
2025-04-09 09:10:44.316 [http-nio-8080-exec-9] INFO  l.i.b.c.FriendshipController - Blocking user: 2
2025-04-09 09:10:44.334 [http-nio-8080-exec-9] INFO  l.i.b.c.FriendshipController - User blocked successfully: 2
2025-04-09 09:10:44.352 [http-nio-8080-exec-5] INFO  l.i.b.c.FriendshipController - Retrieving friendship counts for user: dilsarathiranjaya3@gmail.com
2025-04-09 09:10:44.385 [http-nio-8080-exec-5] INFO  l.i.b.c.FriendshipController - Retrieved friendship counts for user: dilsarathiranjaya3@gmail.com
2025-04-09 09:10:47.943 [http-nio-8080-exec-8] INFO  l.i.b.controller.SettingsController - Received account settings fetch request for user: dilsarathiranjaya3@gmail.com
2025-04-09 09:10:47.955 [http-nio-8080-exec-8] INFO  l.i.b.controller.SettingsController - Successfully retrieved account settings for user: dilsarathiranjaya3@gmail.com
2025-04-09 09:10:47.960 [http-nio-8080-exec-6] INFO  l.i.b.controller.ProfileController - Received profile info fetch request for user: dilsarathiranjaya3@gmail.com
2025-04-09 09:10:48.002 [http-nio-8080-exec-6] INFO  l.i.b.controller.ProfileController - Successfully retrieved profile info for user: dilsarathiranjaya3@gmail.com
2025-04-09 09:10:49.319 [http-nio-8080-exec-4] INFO  l.i.b.controller.SettingsController - Fetching blocked users for user: dilsarathiranjaya3@gmail.com
2025-04-09 09:10:49.319 [http-nio-8080-exec-4] INFO  l.i.b.controller.SettingsController - Successfully retrieved blocked users for: dilsarathiranjaya3@gmail.com
2025-04-09 09:10:51.357 [http-nio-8080-exec-9] INFO  l.i.b.c.FriendshipController - Unblocking user: 2
2025-04-09 09:10:51.373 [http-nio-8080-exec-9] INFO  l.i.b.c.FriendshipController - User unblocked successfully: 2
2025-04-09 09:11:34.907 [http-nio-8080-exec-1] INFO  l.i.b.controller.ProfileController - Received profile info fetch request for user: dilsarathiranjaya3@gmail.com
2025-04-09 09:11:34.908 [http-nio-8080-exec-8] INFO  l.i.b.c.NotificationController - Fetching notifications for user: dilsarathiranjaya3@gmail.com, type: null
2025-04-09 09:11:34.923 [http-nio-8080-exec-1] INFO  l.i.b.controller.ProfileController - Successfully retrieved profile info for user: dilsarathiranjaya3@gmail.com
2025-04-09 09:11:34.941 [http-nio-8080-exec-8] INFO  l.i.b.c.NotificationController - Successfully fetched 13 notifications
2025-04-09 09:11:37.767 [http-nio-8080-exec-2] INFO  l.i.b.c.NotificationController - Marking notification as read: 23
2025-04-09 09:11:37.782 [http-nio-8080-exec-2] INFO  l.i.b.c.NotificationController - Successfully marked notification as read
2025-04-09 09:11:37.862 [http-nio-8080-exec-3] INFO  l.i.b.controller.ProfileController - Received user profile info fetch request for user: 3
2025-04-09 09:11:37.862 [http-nio-8080-exec-7] INFO  l.i.b.c.FriendshipController - Checking friendship between users: dilsarathiranjaya3@gmail.com and 3
2025-04-09 09:11:37.870 [http-nio-8080-exec-7] INFO  l.i.b.c.FriendshipController - Friendship checked successfully between users: dilsarathiranjaya3@gmail.com and 3
2025-04-09 09:11:37.872 [http-nio-8080-exec-8] INFO  l.i.b.controller.ProfileController - Received profile info fetch request for user: dilsarathiranjaya3@gmail.com
2025-04-09 09:11:37.880 [http-nio-8080-exec-3] INFO  l.i.b.controller.ProfileController - Successfully retrieved user profile info for user: 3
2025-04-09 09:11:37.881 [http-nio-8080-exec-7] INFO  l.i.b.c.FriendshipController - Retrieving friends for user: 3
2025-04-09 09:11:37.885 [http-nio-8080-exec-8] INFO  l.i.b.controller.ProfileController - Successfully retrieved profile info for user: dilsarathiranjaya3@gmail.com
2025-04-09 09:11:37.888 [http-nio-8080-exec-6] INFO  l.i.b.controller.ProfileController - Received request to get posts for user: 3
2025-04-09 09:11:37.890 [http-nio-8080-exec-7] INFO  l.i.b.c.FriendshipController - Retrieved 1 friends for user: 3
2025-04-09 09:11:37.939 [http-nio-8080-exec-6] INFO  l.i.b.controller.ProfileController - Successfully retrieved posts for user: 3
2025-04-09 09:11:37.965 [http-nio-8080-exec-9] INFO  l.i.b.controller.ProfileController - Received request to get posts for user: 3
2025-04-09 09:11:37.975 [http-nio-8080-exec-9] INFO  l.i.b.controller.ProfileController - Successfully retrieved posts for user: 3
2025-04-09 09:11:37.992 [http-nio-8080-exec-10] INFO  l.i.b.controller.ProfileController - Received request to get posts for user: 3
2025-04-09 09:11:38.003 [http-nio-8080-exec-10] INFO  l.i.b.controller.ProfileController - Successfully retrieved posts for user: 3
2025-04-09 09:11:47.628 [http-nio-8080-exec-3] INFO  l.i.b.controller.ProfileController - Received request to get posts for user: 3
2025-04-09 09:11:47.637 [http-nio-8080-exec-3] INFO  l.i.b.controller.ProfileController - Successfully retrieved posts for user: 3
2025-04-09 09:12:01.332 [http-nio-8080-exec-2] INFO  l.i.b.controller.SearchController - Received request to search for email: dilsarathiranjaya3@gmail.com
2025-04-09 09:12:01.343 [http-nio-8080-exec-2] INFO  l.i.b.controller.SearchController - Successfully searched for email: dilsarathiranjaya3@gmail.com
2025-04-09 09:12:01.862 [http-nio-8080-exec-8] INFO  l.i.b.controller.SearchController - Received request to search for email: dilsarathiranjaya3@gmail.com
2025-04-09 09:12:01.876 [http-nio-8080-exec-8] INFO  l.i.b.controller.SearchController - Successfully searched for email: dilsarathiranjaya3@gmail.com
2025-04-09 09:12:06.775 [SpringApplicationShutdownHook] INFO  o.s.b.w.e.tomcat.GracefulShutdown - Commencing graceful shutdown. Waiting for active requests to complete
2025-04-09 09:12:06.775 [tomcat-shutdown] INFO  o.s.b.w.e.tomcat.GracefulShutdown - Graceful shutdown complete
2025-04-09 09:12:06.791 [SpringApplicationShutdownHook] INFO  o.s.o.j.LocalContainerEntityManagerFactoryBean - Closing JPA EntityManagerFactory for persistence unit 'default'
2025-04-09 09:12:06.791 [SpringApplicationShutdownHook] INFO  com.zaxxer.hikari.HikariDataSource - HikariPool-1 - Shutdown initiated...
2025-04-09 09:12:06.807 [SpringApplicationShutdownHook] INFO  com.zaxxer.hikari.HikariDataSource - HikariPool-1 - Shutdown completed.
2025-04-09 11:09:24.868 [background-preinit] INFO  o.h.validator.internal.util.Version - HV000001: Hibernate Validator 8.0.2.Final
2025-04-09 11:09:24.929 [main] INFO  lk.ijse.backend.BackEndApplication - Starting BackEndApplication using Java 21.0.1 with PID 5508 (C:\Users\TRON\Documents\IdeaProjects\AAD\Spring\Luma-Social-Media-Platform\Back-end\target\classes started by TRON in C:\Users\TRON\Documents\IdeaProjects\AAD\Spring\Luma-Social-Media-Platform)
2025-04-09 11:09:24.929 [main] INFO  lk.ijse.backend.BackEndApplication - No active profile set, falling back to 1 default profile: "default"
2025-04-09 11:09:25.357 [main] INFO  o.s.c.i.s.PropertySourceProcessor - Properties location [classpath:otherprops.properties] not resolvable: class path resource [otherprops.properties] cannot be opened because it does not exist
2025-04-09 11:09:26.032 [main] INFO  o.s.d.r.c.RepositoryConfigurationDelegate - Bootstrapping Spring Data JPA repositories in DEFAULT mode.
2025-04-09 11:09:26.128 [main] INFO  o.s.d.r.c.RepositoryConfigurationDelegate - Finished Spring Data repository scanning in 88 ms. Found 13 JPA repository interfaces.
2025-04-09 11:09:26.642 [main] INFO  o.s.b.w.e.tomcat.TomcatWebServer - Tomcat initialized with port 8080 (http)
2025-04-09 11:09:26.661 [main] INFO  o.a.coyote.http11.Http11NioProtocol - Initializing ProtocolHandler ["http-nio-8080"]
2025-04-09 11:09:26.663 [main] INFO  o.a.catalina.core.StandardService - Starting service [Tomcat]
2025-04-09 11:09:26.663 [main] INFO  o.a.catalina.core.StandardEngine - Starting Servlet engine: [Apache Tomcat/10.1.36]
2025-04-09 11:09:26.732 [main] INFO  o.a.c.c.C.[Tomcat].[localhost].[/] - Initializing Spring embedded WebApplicationContext
2025-04-09 11:09:26.732 [main] INFO  o.s.b.w.s.c.ServletWebServerApplicationContext - Root WebApplicationContext: initialization completed in 1757 ms
2025-04-09 11:09:26.858 [main] INFO  o.h.jpa.internal.util.LogHelper - HHH000204: Processing PersistenceUnitInfo [name: default]
2025-04-09 11:09:26.926 [main] INFO  org.hibernate.Version - HHH000412: Hibernate ORM core version 6.6.8.Final
2025-04-09 11:09:26.956 [main] INFO  o.h.c.i.RegionFactoryInitiator - HHH000026: Second-level cache disabled
2025-04-09 11:09:27.173 [main] INFO  o.s.o.j.p.SpringPersistenceUnitInfo - No LoadTimeWeaver setup: ignoring JPA class transformer
2025-04-09 11:09:27.199 [main] INFO  com.zaxxer.hikari.HikariDataSource - HikariPool-1 - Starting...
2025-04-09 11:09:27.483 [main] INFO  com.zaxxer.hikari.pool.HikariPool - HikariPool-1 - Added connection com.mysql.cj.jdbc.ConnectionImpl@74a5bef0
2025-04-09 11:09:27.484 [main] INFO  com.zaxxer.hikari.HikariDataSource - HikariPool-1 - Start completed.
2025-04-09 11:09:27.525 [main] WARN  org.hibernate.orm.deprecation - HHH90000025: MySQL8Dialect does not need to be specified explicitly using 'hibernate.dialect' (remove the property setting and it will be selected by default)
2025-04-09 11:09:27.526 [main] WARN  org.hibernate.orm.deprecation - HHH90000026: MySQL8Dialect has been deprecated; use org.hibernate.dialect.MySQLDialect instead
2025-04-09 11:09:27.540 [main] INFO  o.hibernate.orm.connections.pooling - HHH10001005: Database info:
	Database JDBC URL [Connecting through datasource 'HikariDataSource (HikariPool-1)']
	Database driver: undefined/unknown
	Database version: 8.0
	Autocommit mode: undefined/unknown
	Isolation level: undefined/unknown
	Minimum pool size: undefined/unknown
	Maximum pool size: undefined/unknown
2025-04-09 11:09:28.992 [main] INFO  o.h.e.t.j.p.i.JtaPlatformInitiator - HHH000489: No JTA platform available (set 'hibernate.transaction.jta.platform' to enable JTA platform integration)
2025-04-09 11:09:29.237 [main] INFO  o.s.o.j.LocalContainerEntityManagerFactoryBean - Initialized JPA EntityManagerFactory for persistence unit 'default'
2025-04-09 11:09:29.543 [main] INFO  o.s.d.j.r.query.QueryEnhancerFactory - Hibernate is in classpath; If applicable, HQL parser will be used.
2025-04-09 11:09:31.631 [main] INFO  o.s.s.c.a.a.c.InitializeUserDetailsBeanManagerConfigurer$InitializeUserDetailsManagerConfigurer - Global AuthenticationManager configured with UserDetailsService bean with name userServiceImpl
2025-04-09 11:09:39.478 [main] INFO  o.s.m.s.b.SimpleBrokerMessageHandler - Starting...
2025-04-09 11:09:39.478 [main] INFO  o.s.m.s.b.SimpleBrokerMessageHandler - BrokerAvailabilityEvent[available=true, SimpleBrokerMessageHandler [org.springframework.messaging.simp.broker.DefaultSubscriptionRegistry@2d78be78]]
2025-04-09 11:09:39.479 [main] INFO  o.s.m.s.b.SimpleBrokerMessageHandler - Started.
2025-04-09 11:09:39.479 [main] INFO  o.a.coyote.http11.Http11NioProtocol - Starting ProtocolHandler ["http-nio-8080"]
2025-04-09 11:09:39.496 [main] INFO  o.s.b.w.e.tomcat.TomcatWebServer - Tomcat started on port 8080 (http) with context path '/'
2025-04-09 11:09:39.504 [main] INFO  lk.ijse.backend.BackEndApplication - Started BackEndApplication in 15.206 seconds (process running for 16.264)
2025-04-09 11:09:59.445 [http-nio-8080-exec-1] INFO  o.a.c.c.C.[Tomcat].[localhost].[/] - Initializing Spring DispatcherServlet 'dispatcherServlet'
2025-04-09 11:09:59.445 [http-nio-8080-exec-1] INFO  o.s.web.servlet.DispatcherServlet - Initializing Servlet 'dispatcherServlet'
2025-04-09 11:09:59.445 [http-nio-8080-exec-1] INFO  o.s.web.servlet.DispatcherServlet - Completed initialization in 0 ms
2025-04-09 11:09:59.628 [http-nio-8080-exec-2] INFO  l.i.b.controller.AuthController - Received sign-in request for email: dilsarathiranjaya3@gmail.com
2025-04-09 11:10:00.027 [http-nio-8080-exec-2] INFO  l.i.b.controller.AuthController - User successfully signed in with email: dilsarathiranjaya3@gmail.com
2025-04-09 11:10:00.044 [http-nio-8080-exec-3] INFO  l.i.b.controller.AuthController - Checking 2FA status for email: dilsarathiranjaya3@gmail.com
2025-04-09 11:10:00.524 [http-nio-8080-exec-5] INFO  l.i.b.controller.TimelineController - Received request to get posts for email: dilsarathiranjaya3@gmail.com
2025-04-09 11:10:00.524 [http-nio-8080-exec-7] INFO  l.i.b.controller.ProfileController - Received profile info fetch request for user: dilsarathiranjaya3@gmail.com
2025-04-09 11:10:00.577 [http-nio-8080-exec-7] INFO  l.i.b.controller.ProfileController - Successfully retrieved profile info for user: dilsarathiranjaya3@gmail.com
2025-04-09 11:10:00.721 [http-nio-8080-exec-5] INFO  l.i.b.controller.TimelineController - Successfully retrieved posts for email: dilsarathiranjaya3@gmail.com
2025-04-09 11:10:39.480 [MessageBroker-1] INFO  o.s.w.s.c.WebSocketMessageBrokerStats - WebSocketSession[0 current WS(0)-HttpStream(0)-HttpPoll(0), 0 total, 0 closed abnormally (0 connect failure, 0 send limit, 0 transport error)], stompSubProtocol[processed CONNECT(0)-CONNECTED(0)-DISCONNECT(0)], stompBrokerRelay[null], inboundChannel[pool size = 0, active threads = 0, queued tasks = 0, completed tasks = 0], outboundChannel[pool size = 0, active threads = 0, queued tasks = 0, completed tasks = 0], sockJsScheduler[pool size = 1, active threads = 1, queued tasks = 0, completed tasks = 0]
2025-04-09 11:15:34.261 [SpringApplicationShutdownHook] INFO  o.s.b.w.e.tomcat.GracefulShutdown - Commencing graceful shutdown. Waiting for active requests to complete
2025-04-09 11:15:34.274 [tomcat-shutdown] INFO  o.s.b.w.e.tomcat.GracefulShutdown - Graceful shutdown complete
2025-04-09 11:15:34.276 [SpringApplicationShutdownHook] INFO  o.s.m.s.b.SimpleBrokerMessageHandler - Stopping...
2025-04-09 11:15:34.277 [SpringApplicationShutdownHook] INFO  o.s.m.s.b.SimpleBrokerMessageHandler - BrokerAvailabilityEvent[available=false, SimpleBrokerMessageHandler [org.springframework.messaging.simp.broker.DefaultSubscriptionRegistry@2d78be78]]
2025-04-09 11:15:34.277 [SpringApplicationShutdownHook] INFO  o.s.m.s.b.SimpleBrokerMessageHandler - Stopped.
2025-04-09 11:15:34.284 [SpringApplicationShutdownHook] INFO  o.s.o.j.LocalContainerEntityManagerFactoryBean - Closing JPA EntityManagerFactory for persistence unit 'default'
2025-04-09 11:15:34.287 [SpringApplicationShutdownHook] INFO  com.zaxxer.hikari.HikariDataSource - HikariPool-1 - Shutdown initiated...
2025-04-09 11:15:34.301 [SpringApplicationShutdownHook] INFO  com.zaxxer.hikari.HikariDataSource - HikariPool-1 - Shutdown completed.
